100.03.03 06:29 A X:\new_gonadovision\constellar\index.htm --> homepages.demon.co.uk /u/demon.co.uk/g/o/n/gonadovision index.htm
100.03.03 06:29 A X:\new_gonadovision\constellar\index.htm --> homepages.demon.co.uk /u/demon.co.uk/g/o/n/gonadovision/constellar index.htm
100.03.03 06:40 A X:\new_gonadovision\constellar\index.htm --> homepages.demon.co.uk /u/demon.co.uk/g/o/n/gonadovision/constellar index.htm
100.03.03 06:41 A X:\new_gonadovision\constellar\index.htm --> homepages.demon.co.uk /u/demon.co.uk/g/o/n/gonadovision/constellar index.htm
100.03.03 06:41 A X:\new_gonadovision\constellar\index.htm --> homepages.demon.co.uk /u/demon.co.uk/g/o/n/gonadovision/constellar index.htm
100.03.03 07:58 A X:\new_gonadovision\constellar\index.htm --> homepages.demon.co.uk /u/demon.co.uk/g/o/n/gonadovision/constellar index.htm
100.03.03 07:58 A X:\new_gonadovision\constellar\index.htm --> homepages.demon.co.uk /u/demon.co.uk/g/o/n/gonadovision/constellar index.htm
100.03.06 02:12 A X:\new_gonadovision\constellar\index.htm --> homepages.demon.co.uk /u/demon.co.uk/g/o/n/gonadovision/constellar index.htm
100.03.08 02:56 A X:\new_gonadovision\constellar\index.htm --> homepages.demon.co.uk /u/demon.co.uk/g/o/n/gonadovision/constellar index.htm
100.03.08 02:56 B X:\new_gonadovision\constellar\alieneye.gif --> homepages.demon.co.uk /u/demon.co.uk/g/o/n/gonadovision/constellar alieneye.gif
100.03.08 02:56 B X:\new_gonadovision\constellar\sm1.jpg --> homepages.demon.co.uk /u/demon.co.uk/g/o/n/gonadovision/constellar sm1.jpg
100.03.08 02:57 B X:\new_gonadovision\constellar\sm2.jpg --> homepages.demon.co.uk /u/demon.co.uk/g/o/n/gonadovision/constellar sm2.jpg
100.03.08 02:57 B X:\new_gonadovision\constellar\sm3.jpg --> homepages.demon.co.uk /u/demon.co.uk/g/o/n/gonadovision/constellar sm3.jpg
100.03.08 02:57 B X:\new_gonadovision\constellar\spacebackground.gif --> homepages.demon.co.uk /u/demon.co.uk/g/o/n/gonadovision/constellar spacebackground.gif
100.03.08 02:57 B X:\new_gonadovision\constellar\title.gif --> homepages.demon.co.uk /u/demon.co.uk/g/o/n/gonadovision/constellar title.gif
100.03.08 02:57 B X:\new_gonadovision\constellar\tune.mid --> homepages.demon.co.uk /u/demon.co.uk/g/o/n/gonadovision/constellar tune.mid
100.03.08 04:18 A X:\new_gonadovision\constellar\index.htm --> homepages.demon.co.uk /u/demon.co.uk/g/o/n/gonadovision/constellar index.htm
100.03.08 04:23 A X:\new_gonadovision\constellar\index.htm --> homepages.demon.co.uk /u/demon.co.uk/g/o/n/gonadovision/constellar index.htm
100.03.08 22:43 A X:\new_gonadovision\constellar\index.htm --> homepages.demon.co.uk /u/demon.co.uk/g/o/n/gonadovision/constellar index.htm
100.03.08 22:49 A X:\new_gonadovision\constellar\index.htm --> homepages.demon.co.uk /u/demon.co.uk/g/o/n/gonadovision/constellar index.htm
100.03.08 22:55 A X:\new_gonadovision\constellar\index.htm --> homepages.demon.co.uk /u/demon.co.uk/g/o/n/gonadovision/constellar index.htm
100.03.08 22:59 A X:\new_gonadovision\constellar\index.htm --> homepages.demon.co.uk /u/demon.co.uk/g/o/n/gonadovision/constellar index.htm
100.03.08 22:59 A X:\new_gonadovision\constellar\index.htm --> homepages.demon.co.uk /u/demon.co.uk/g/o/n/gonadovision/constellar index.htm
100.03.13 23:54 A X:\new_gonadovision\constellar\index.htm --> homepages.demon.co.uk /u/demon.co.uk/g/o/n/gonadovision/constellar index.htm
100.03.13 23:55 A X:\new_gonadovision\constellar\index.htm --> homepages.demon.co.uk /u/demon.co.uk/g/o/n/gonadovision/constellar index.htm
100.03.14 00:13 A X:\new_gonadovision\constellar\index.htm --> homepages.demon.co.uk /u/demon.co.uk/g/o/n/gonadovision/constellar index.htm
100.03.14 02:26 A X:\new_gonadovision\constellar\index.htm --> homepages.demon.co.uk /u/demon.co.uk/g/o/n/gonadovision/constellar index.htm
100.03.14 02:32 A X:\new_gonadovision\constellar\index.htm --> homepages.demon.co.uk /u/demon.co.uk/g/o/n/gonadovision/constellar index.htm
100.03.14 02:39 A X:\new_gonadovision\constellar\index.htm --> homepages.demon.co.uk /u/demon.co.uk/g/o/n/gonadovision/constellar index.htm
100.03.14 02:41 A X:\new_gonadovision\constellar\index.htm <-- DEMON HOMEPAGES /u/demon.co.uk/g/o/n/gonadovision/constellar index.htm
100.03.14 02:41 A X:\new_gonadovision\constellar\index.htm <-- DEMON HOMEPAGES /u/demon.co.uk/g/o/n/gonadovision/constellar index.htm
100.03.14 02:43 A X:\new_gonadovision\constellar\index.htm --> homepages.demon.co.uk /u/demon.co.uk/g/o/n/gonadovision/constellar index.htm
100.04.07 14:19 A X:\new_gonadovision\constellar\index.htm --> homepages.demon.co.uk /u/demon.co.uk/g/o/n/gonadovision/constellar index.htm
100.04.07 14:19 B X:\new_gonadovision\constellar\kendo.jpg --> homepages.demon.co.uk /u/demon.co.uk/g/o/n/gonadovision/constellar kendo.jpg
100.04.07 14:20 B X:\new_gonadovision\constellar\shooting_gallery.swf --> homepages.demon.co.uk /u/demon.co.uk/g/o/n/gonadovision/constellar shooting_gallery.swf
100.04.07 14:20 A X:\new_gonadovision\constellar\congame.htm --> homepages.demon.co.uk /u/demon.co.uk/g/o/n/gonadovision/constellar congame.htm
100.06.27 00:37 A X:\new_gonadovision\constellar\merchandise.htm --> homepages.demon.co.uk /u/demon.co.uk/g/o/n/gonadovision/constellar merchandise.htm
100.06.27 00:37 A X:\new_gonadovision\constellar\index.htm --> homepages.demon.co.uk /u/demon.co.uk/g/o/n/gonadovision/constellar index.htm
100.06.27 00:38 B X:\new_gonadovision\constellar\mug.gif --> homepages.demon.co.uk /u/demon.co.uk/g/o/n/gonadovision/constellar mug.gif
100.06.27 00:47 B X:\new_gonadovision\constellar\mug.gif --> homepages.demon.co.uk /u/demon.co.uk/g/o/n/gonadovision/constellar mug.gif
100.06.27 20:33 A X:\new_gonadovision\constellar\index.htm --> homepages.demon.co.uk /u/demon.co.uk/g/o/n/gonadovision/constellar index.htm
100.06.27 20:33 A X:\new_gonadovision\constellar\merchandise.htm --> homepages.demon.co.uk /u/demon.co.uk/g/o/n/gonadovision/constellar merchandise.htm
100.06.27 20:35 B X:\new_gonadovision\constellar\2jim.gif --> homepages.demon.co.uk /u/demon.co.uk/g/o/n/gonadovision/constellar 2jim.gif
100.06.27 20:36 B X:\new_gonadovision\constellar\2mug.gif --> homepages.demon.co.uk /u/demon.co.uk/g/o/n/gonadovision/constellar 2mug.gif
100.06.27 20:36 B X:\new_gonadovision\constellar\2sm1.jpg --> homepages.demon.co.uk /u/demon.co.uk/g/o/n/gonadovision/constellar 2sm1.jpg
100.06.27 20:36 B X:\new_gonadovision\constellar\2sm2.jpg --> homepages.demon.co.uk /u/demon.co.uk/g/o/n/gonadovision/constellar 2sm2.jpg
100.06.27 20:36 B X:\new_gonadovision\constellar\2sm3.jpg --> homepages.demon.co.uk /u/demon.co.uk/g/o/n/gonadovision/constellar 2sm3.jpg
100.06.29 00:08 A X:\new_gonadovision\constellar\index.htm --> homepages.demon.co.uk /u/demon.co.uk/g/o/n/gonadovision/constellar index.htm
100.06.29 00:09 A X:\new_gonadovision\constellar\hierarrays.js --> homepages.demon.co.uk /u/demon.co.uk/g/o/n/gonadovision/constellar hierarrays.js
100.06.29 00:09 A X:\new_gonadovision\constellar\hiermenus.js --> homepages.demon.co.uk /u/demon.co.uk/g/o/n/gonadovision/constellar hiermenus.js
100.06.29 00:09 A X:\new_gonadovision\constellar\convict1.htm --> homepages.demon.co.uk /u/demon.co.uk/g/o/n/gonadovision/constellar convict1.htm
100.06.29 00:09 A X:\new_gonadovision\constellar\convict2.htm --> homepages.demon.co.uk /u/demon.co.uk/g/o/n/gonadovision/constellar convict2.htm
100.06.29 00:09 A X:\new_gonadovision\constellar\convict3.htm --> homepages.demon.co.uk /u/demon.co.uk/g/o/n/gonadovision/constellar convict3.htm
100.06.29 00:09 A X:\new_gonadovision\constellar\merchandise1.htm --> homepages.demon.co.uk /u/demon.co.uk/g/o/n/gonadovision/constellar merchandise1.htm
100.06.29 00:10 B X:\new_gonadovision\constellar\contents.gif --> homepages.demon.co.uk /u/demon.co.uk/g/o/n/gonadovision/constellar contents.gif
100.06.29 00:14 B X:\new_gonadovision\constellar\hierarrays.js --> homepages.demon.co.uk /u/demon.co.uk/g/o/n/gonadovision/constellar hierarrays.js
100.06.29 00:14 B X:\new_gonadovision\constellar\hiermenus.js --> homepages.demon.co.uk /u/demon.co.uk/g/o/n/gonadovision/constellar hiermenus.js
100.06.29 00:15 B X:\new_gonadovision\constellar\tri.gif --> homepages.demon.co.uk /u/demon.co.uk/g/o/n/gonadovision/constellar tri.gif
100.06.29 00:15 B X:\new_gonadovision\constellar\tril.gif --> homepages.demon.co.uk /u/demon.co.uk/g/o/n/gonadovision/constellar tril.gif
100.06.29 00:18 A X:\new_gonadovision\constellar\index.htm --> homepages.demon.co.uk /u/demon.co.uk/g/o/n/gonadovision/constellar index.htm
100.06.29 00:19 A X:\new_gonadovision\constellar\index.htm --> homepages.demon.co.uk /u/demon.co.uk/g/o/n/gonadovision/constellar index.htm
100.06.29 00:22 A X:\new_gonadovision\constellar\hiermenus.js --> homepages.demon.co.uk /u/demon.co.uk/g/o/n/gonadovision/constellar hiermenus.js
100.06.29 00:22 A X:\new_gonadovision\constellar\hierarrays.js --> homepages.demon.co.uk /u/demon.co.uk/g/o/n/gonadovision/constellar hierarrays.js
100.06.29 00:24 A X:\new_gonadovision\constellar\hierarrays.js --> homepages.demon.co.uk /u/demon.co.uk/g/o/n/gonadovision/constellar hierarrays.js
100.06.29 00:28 A X:\new_gonadovision\constellar\index.htm --> homepages.demon.co.uk /u/demon.co.uk/g/o/n/gonadovision/constellar index.htm
100.06.29 00:33 A X:\new_gonadovision\constellar\convict1.htm --> homepages.demon.co.uk /u/demon.co.uk/g/o/n/gonadovision/constellar convict1.htm
100.06.29 00:33 A X:\new_gonadovision\constellar\convict2.htm --> homepages.demon.co.uk /u/demon.co.uk/g/o/n/gonadovision/constellar convict2.htm
100.06.29 00:33 A X:\new_gonadovision\constellar\convict3.htm --> homepages.demon.co.uk /u/demon.co.uk/g/o/n/gonadovision/constellar convict3.htm
100.06.29 00:34 A X:\new_gonadovision\constellar\merchandise1.htm --> homepages.demon.co.uk /u/demon.co.uk/g/o/n/gonadovision/constellar merchandise1.htm
100.06.29 00:34 A X:\new_gonadovision\constellar\congame.htm --> homepages.demon.co.uk /u/demon.co.uk/g/o/n/gonadovision/constellar congame.htm
100.06.29 00:36 A X:\new_gonadovision\constellar\index.htm --> homepages.demon.co.uk /u/demon.co.uk/g/o/n/gonadovision/constellar index.htm
100.06.29 00:39 A X:\new_gonadovision\constellar\index.htm --> homepages.demon.co.uk /u/demon.co.uk/g/o/n/gonadovision/constellar index.htm
100.06.29 00:40 A X:\new_gonadovision\constellar\merchandise1.htm --> homepages.demon.co.uk /u/demon.co.uk/g/o/n/gonadovision/constellar merchandise1.htm
100.06.29 00:45 A X:\new_gonadovision\constellar\hierarrays.js --> homepages.demon.co.uk /u/demon.co.uk/g/o/n/gonadovision/constellar hierarrays.js
100.06.29 22:11 A X:\new_gonadovision\constellar\index.htm --> homepages.demon.co.uk /u/demon.co.uk/g/o/n/gonadovision/constellar index.htm
100.07.07 22:16 B X:\new_gonadovision\constellar\compo1.jpg --> homepages.demon.co.uk /u/demon.co.uk/g/o/n/gonadovision/constellar compo1.jpg
100.07.07 22:16 B X:\new_gonadovision\constellar\compo2.jpg --> homepages.demon.co.uk /u/demon.co.uk/g/o/n/gonadovision/constellar compo2.jpg
100.07.07 22:17 B X:\new_gonadovision\constellar\compo3.jpg --> homepages.demon.co.uk /u/demon.co.uk/g/o/n/gonadovision/constellar compo3.jpg
100.07.07 22:17 B X:\new_gonadovision\constellar\compo4.jpg --> homepages.demon.co.uk /u/demon.co.uk/g/o/n/gonadovision/constellar compo4.jpg
100.07.07 22:17 B X:\new_gonadovision\constellar\compo5.jpg --> homepages.demon.co.uk /u/demon.co.uk/g/o/n/gonadovision/constellar compo5.jpg
100.07.07 22:19 B X:\new_gonadovision\constellar\compo_anim.gif --> homepages.demon.co.uk /u/demon.co.uk/g/o/n/gonadovision/constellar compo_anim.gif
100.07.07 22:20 B X:\new_gonadovision\constellar\msemat.gif --> homepages.demon.co.uk /u/demon.co.uk/g/o/n/gonadovision/constellar msemat.gif
100.07.07 22:20 A X:\new_gonadovision\constellar\merchandise2.htm --> homepages.demon.co.uk /u/demon.co.uk/g/o/n/gonadovision/constellar merchandise2.htm
100.07.07 22:20 A X:\new_gonadovision\constellar\compo1.htm --> homepages.demon.co.uk /u/demon.co.uk/g/o/n/gonadovision/constellar compo1.htm
100.07.07 22:20 A X:\new_gonadovision\constellar\index.htm --> homepages.demon.co.uk /u/demon.co.uk/g/o/n/gonadovision/constellar index.htm
100.07.07 22:20 A X:\new_gonadovision\constellar\hierarrays.js --> homepages.demon.co.uk /u/demon.co.uk/g/o/n/gonadovision/constellar hierarrays.js
100.07.07 22:25 A X:\new_gonadovision\constellar\hierarrays.js --> homepages.demon.co.uk /u/demon.co.uk/g/o/n/gonadovision/constellar hierarrays.js
100.07.07 22:25 A X:\new_gonadovision\constellar\hierarrays.js --> homepages.demon.co.uk /u/demon.co.uk/g/o/n/gonadovision/constellar hierarrays.js
100.07.07 22:44 A X:\new_gonadovision\constellar\index.htm --> homepages.demon.co.uk /u/demon.co.uk/g/o/n/gonadovision/constellar index.htm
100.07.07 22:50 A X:\new_gonadovision\constellar\hierarrays.js <-- DEMON HOMEPAGES /u/demon.co.uk/g/o/n/gonadovision/constellar hierarrays.js
100.07.07 22:51 A X:\new_gonadovision\constellar\hierarrays.js --> homepages.demon.co.uk /u/demon.co.uk/g/o/n/gonadovision/constellar hierarrays.js
100.07.07 23:12 A X:\new_gonadovision\constellar\compo1.htm --> homepages.demon.co.uk /u/demon.co.uk/g/o/n/gonadovision/constellar compo1.htm
100.07.09 15:14 A X:\new_gonadovision\constellar\compo1.htm --> homepages.demon.co.uk /u/demon.co.uk/g/o/n/gonadovision/constellar compo1.htm
100.07.09 15:15 A X:\new_gonadovision\constellar\index.htm --> homepages.demon.co.uk /u/demon.co.uk/g/o/n/gonadovision/constellar index.htm
100.07.11 21:13 A X:\new_gonadovision\constellar\index.htm --> homepages.demon.co.uk /u/demon.co.uk/g/o/n/gonadovision/constellar index.htm
100.07.12 21:28 B X:\new_gonadovision\constellar\tune.mid --> homepages.demon.co.uk /u/demon.co.uk/g/o/n/gonadovision/constellar tune.mid
100.07.15 08:46 A X:\new_gonadovision\constellar\index.htm --> homepages.demon.co.uk /u/demon.co.uk/g/o/n/gonadovision/constellar index.htm
100.07.15 08:46 A X:\new_gonadovision\constellar\hierarrays.js --> homepages.demon.co.uk /u/demon.co.uk/g/o/n/gonadovision/constellar hierarrays.js
100.07.15 08:50 A X:\new_gonadovision\constellar\hierarrays.js --> homepages.demon.co.uk /u/demon.co.uk/g/o/n/gonadovision/constellar hierarrays.js
100.07.15 09:10 B X:\new_gonadovision\constellar\index.htm --> homepages.demon.co.uk /u/demon.co.uk/g/o/n/gonadovision/constellar index.htm
100.07.15 09:12 A X:\new_gonadovision\constellar\convict3.htm --> homepages.demon.co.uk /u/demon.co.uk/g/o/n/gonadovision/constellar convict3.htm
100.07.20 02:19 A X:\new_gonadovision\constellar\compo1.htm --> homepages.demon.co.uk /u/demon.co.uk/g/o/n/gonadovision/constellar compo1.htm
100.07.20 02:20 B X:\new_gonadovision\constellar\cust1.jpg --> homepages.demon.co.uk /u/demon.co.uk/g/o/n/gonadovision/constellar cust1.jpg
100.07.20 02:20 B X:\new_gonadovision\constellar\cust2.jpg --> homepages.demon.co.uk /u/demon.co.uk/g/o/n/gonadovision/constellar cust2.jpg
100.07.20 02:20 B X:\new_gonadovision\constellar\cust3.jpg --> homepages.demon.co.uk /u/demon.co.uk/g/o/n/gonadovision/constellar cust3.jpg
100.07.20 02:20 B X:\new_gonadovision\constellar\cust4.jpg --> homepages.demon.co.uk /u/demon.co.uk/g/o/n/gonadovision/constellar cust4.jpg
100.07.20 02:20 B X:\new_gonadovision\constellar\cust5.jpg --> homepages.demon.co.uk /u/demon.co.uk/g/o/n/gonadovision/constellar cust5.jpg
100.07.20 02:20 B X:\new_gonadovision\constellar\cust6.jpg --> homepages.demon.co.uk /u/demon.co.uk/g/o/n/gonadovision/constellar cust6.jpg
100.07.20 02:21 A X:\new_gonadovision\constellar\feedback.htm --> homepages.demon.co.uk /u/demon.co.uk/g/o/n/gonadovision/constellar feedback.htm
100.07.20 02:21 A X:\new_gonadovision\constellar\index.htm --> homepages.demon.co.uk /u/demon.co.uk/g/o/n/gonadovision/constellar index.htm
100.07.20 02:21 A X:\new_gonadovision\constellar\hierarrays.js --> homepages.demon.co.uk /u/demon.co.uk/g/o/n/gonadovision/constellar hierarrays.js
100.07.20 02:24 A X:\new_gonadovision\constellar\index.htm --> homepages.demon.co.uk /u/demon.co.uk/g/o/n/gonadovision/constellar index.htm
100.07.20 02:25 A X:\new_gonadovision\constellar\index.htm --> homepages.demon.co.uk /u/demon.co.uk/g/o/n/gonadovision/constellar index.htm
100.07.20 02:26 A X:\new_gonadovision\constellar\hierarrays.js --> homepages.demon.co.uk /u/demon.co.uk/g/o/n/gonadovision/constellar hierarrays.js
100.07.20 02:29 A X:\new_gonadovision\constellar\feedback.htm --> homepages.demon.co.uk /u/demon.co.uk/g/o/n/gonadovision/constellar feedback.htm
100.07.21 20:08 B X:\new_gonadovision\constellar\tune2.mid --> homepages.demon.co.uk /u/demon.co.uk/g/o/n/gonadovision/constellar tune2.mid
100.07.22 09:36 A X:\new_gonadovision\constellar\compo1.htm --> homepages.demon.co.uk /u/demon.co.uk/g/o/n/gonadovision/constellar compo1.htm
100.07.30 22:20 A X:\new_gonadovision\constellar\feedback.htm --> homepages.demon.co.uk /u/demon.co.uk/g/o/n/gonadovision/constellar feedback.htm
100.07.30 22:21 B X:\new_gonadovision\constellar\cust5p.jpg --> homepages.demon.co.uk /u/demon.co.uk/g/o/n/gonadovision/constellar cust5p.jpg
100.08.15 09:23 A H:\new_gonadovision\constellar\index.htm --> homepages.demon.co.uk /u/demon.co.uk/g/o/n/gonadovision/constellar index.htm
100.11.03 00:21 A H:\new_gonadovision\constellar\merchandise1.htm --> homepages.demon.co.uk /u/demon.co.uk/g/o/n/gonadovision/constellar merchandise1.htm
100.11.17 02:28 A H:\new_gonadovision\constellar\mugs.htm --> homepages.demon.co.uk /u/demon.co.uk/g/o/n/gonadovision/constellar mugs.htm
100.11.17 02:28 B H:\new_gonadovision\constellar\mugs0.jpg --> homepages.demon.co.uk /u/demon.co.uk/g/o/n/gonadovision/constellar mugs0.jpg
100.11.17 02:28 B H:\new_gonadovision\constellar\mugs1.jpg --> homepages.demon.co.uk /u/demon.co.uk/g/o/n/gonadovision/constellar mugs1.jpg
100.11.17 02:29 B H:\new_gonadovision\constellar\mugs2.jpg --> homepages.demon.co.uk /u/demon.co.uk/g/o/n/gonadovision/constellar mugs2.jpg
