2001.03.03 10:18 B H:\new_gonadovision\photostory\tortillazo\anim.gif --> homepages.demon.co.uk /u/demon.co.uk/g/o/n/gonadovision/photostory/tortillazo anim.gif
2001.03.03 10:18 B H:\new_gonadovision\photostory\tortillazo\back.gif --> homepages.demon.co.uk /u/demon.co.uk/g/o/n/gonadovision/photostory/tortillazo back.gif
2001.03.03 10:18 B H:\new_gonadovision\photostory\tortillazo\back.jpg --> homepages.demon.co.uk /u/demon.co.uk/g/o/n/gonadovision/photostory/tortillazo back.jpg
2001.03.03 10:18 B H:\new_gonadovision\photostory\tortillazo\english.htm --> homepages.demon.co.uk /u/demon.co.uk/g/o/n/gonadovision/photostory/tortillazo english.htm
2001.03.03 10:18 B H:\new_gonadovision\photostory\tortillazo\espanola.htm --> homepages.demon.co.uk /u/demon.co.uk/g/o/n/gonadovision/photostory/tortillazo espanola.htm
2001.03.03 10:18 B H:\new_gonadovision\photostory\tortillazo\image0.jpg --> homepages.demon.co.uk /u/demon.co.uk/g/o/n/gonadovision/photostory/tortillazo image0.jpg
2001.03.03 10:18 B H:\new_gonadovision\photostory\tortillazo\image1.jpg --> homepages.demon.co.uk /u/demon.co.uk/g/o/n/gonadovision/photostory/tortillazo image1.jpg
2001.03.03 10:18 B H:\new_gonadovision\photostory\tortillazo\image10.jpg --> homepages.demon.co.uk /u/demon.co.uk/g/o/n/gonadovision/photostory/tortillazo image10.jpg
2001.03.03 10:18 B H:\new_gonadovision\photostory\tortillazo\image11.jpg --> homepages.demon.co.uk /u/demon.co.uk/g/o/n/gonadovision/photostory/tortillazo image11.jpg
2001.03.03 10:18 B H:\new_gonadovision\photostory\tortillazo\image12.jpg --> homepages.demon.co.uk /u/demon.co.uk/g/o/n/gonadovision/photostory/tortillazo image12.jpg
2001.03.03 10:18 B H:\new_gonadovision\photostory\tortillazo\image13.jpg --> homepages.demon.co.uk /u/demon.co.uk/g/o/n/gonadovision/photostory/tortillazo image13.jpg
2001.03.03 10:19 B H:\new_gonadovision\photostory\tortillazo\image14.jpg --> homepages.demon.co.uk /u/demon.co.uk/g/o/n/gonadovision/photostory/tortillazo image14.jpg
2001.03.03 10:19 B H:\new_gonadovision\photostory\tortillazo\image15.jpg --> homepages.demon.co.uk /u/demon.co.uk/g/o/n/gonadovision/photostory/tortillazo image15.jpg
2001.03.03 10:19 B H:\new_gonadovision\photostory\tortillazo\image2.jpg --> homepages.demon.co.uk /u/demon.co.uk/g/o/n/gonadovision/photostory/tortillazo image2.jpg
2001.03.03 10:19 B H:\new_gonadovision\photostory\tortillazo\image3.jpg --> homepages.demon.co.uk /u/demon.co.uk/g/o/n/gonadovision/photostory/tortillazo image3.jpg
2001.03.03 10:19 B H:\new_gonadovision\photostory\tortillazo\image4.jpg --> homepages.demon.co.uk /u/demon.co.uk/g/o/n/gonadovision/photostory/tortillazo image4.jpg
2001.03.03 10:19 B H:\new_gonadovision\photostory\tortillazo\image5.jpg --> homepages.demon.co.uk /u/demon.co.uk/g/o/n/gonadovision/photostory/tortillazo image5.jpg
2001.03.03 10:19 B H:\new_gonadovision\photostory\tortillazo\image6.jpg --> homepages.demon.co.uk /u/demon.co.uk/g/o/n/gonadovision/photostory/tortillazo image6.jpg
2001.03.03 10:19 B H:\new_gonadovision\photostory\tortillazo\image7.jpg --> homepages.demon.co.uk /u/demon.co.uk/g/o/n/gonadovision/photostory/tortillazo image7.jpg
2001.03.03 10:19 B H:\new_gonadovision\photostory\tortillazo\image8.jpg --> homepages.demon.co.uk /u/demon.co.uk/g/o/n/gonadovision/photostory/tortillazo image8.jpg
2001.03.03 10:19 B H:\new_gonadovision\photostory\tortillazo\image9.jpg --> homepages.demon.co.uk /u/demon.co.uk/g/o/n/gonadovision/photostory/tortillazo image9.jpg
2001.03.03 10:20 B H:\new_gonadovision\photostory\tortillazo\index.html --> homepages.demon.co.uk /u/demon.co.uk/g/o/n/gonadovision/photostory/tortillazo index.html
2001.03.03 10:20 B H:\new_gonadovision\photostory\tortillazo\intro.mid --> homepages.demon.co.uk /u/demon.co.uk/g/o/n/gonadovision/photostory/tortillazo intro.mid
2001.03.03 10:20 B H:\new_gonadovision\photostory\tortillazo\spacer.gif --> homepages.demon.co.uk /u/demon.co.uk/g/o/n/gonadovision/photostory/tortillazo spacer.gif
2001.03.03 10:20 B H:\new_gonadovision\photostory\tortillazo\spanflg.gif --> homepages.demon.co.uk /u/demon.co.uk/g/o/n/gonadovision/photostory/tortillazo spanflg.gif
2001.03.03 10:20 B H:\new_gonadovision\photostory\tortillazo\splat.jpg --> homepages.demon.co.uk /u/demon.co.uk/g/o/n/gonadovision/photostory/tortillazo splat.jpg
2001.03.03 10:20 B H:\new_gonadovision\photostory\tortillazo\title.gif --> homepages.demon.co.uk /u/demon.co.uk/g/o/n/gonadovision/photostory/tortillazo title.gif
2001.03.03 10:20 B H:\new_gonadovision\photostory\tortillazo\title.jpg --> homepages.demon.co.uk /u/demon.co.uk/g/o/n/gonadovision/photostory/tortillazo title.jpg
2001.03.03 10:20 B H:\new_gonadovision\photostory\tortillazo\tune.mid --> homepages.demon.co.uk /u/demon.co.uk/g/o/n/gonadovision/photostory/tortillazo tune.mid
2001.03.03 10:21 B H:\new_gonadovision\photostory\tortillazo\ukflg.gif --> homepages.demon.co.uk /u/demon.co.uk/g/o/n/gonadovision/photostory/tortillazo ukflg.gif
