97.12.18 20:50 B D:\Gonadohom\epat19\gits\.alb_log <-- epat19 /disk/home/u30/path/epat19/public_html/gits .alb_log
97.12.18 20:50 B D:\Gonadohom\epat19\gits\baldor.gif <-- epat19 /disk/home/u30/path/epat19/public_html/gits baldor.gif
97.12.18 20:50 B D:\Gonadohom\epat19\gits\baldor.htm <-- epat19 /disk/home/u30/path/epat19/public_html/gits baldor.htm
97.12.18 20:50 B D:\Gonadohom\epat19\gits\barbar.gif <-- epat19 /disk/home/u30/path/epat19/public_html/gits barbar.gif
97.12.18 20:50 B D:\Gonadohom\epat19\gits\beast.gif <-- epat19 /disk/home/u30/path/epat19/public_html/gits beast.gif
97.12.18 20:50 B D:\Gonadohom\epat19\gits\beast.htm <-- epat19 /disk/home/u30/path/epat19/public_html/gits beast.htm
97.12.18 20:50 B D:\Gonadohom\epat19\gits\beastinf.htm <-- epat19 /disk/home/u30/path/epat19/public_html/gits beastinf.htm
97.12.18 20:50 B D:\Gonadohom\epat19\gits\beasttop.htm <-- epat19 /disk/home/u30/path/epat19/public_html/gits beasttop.htm
97.12.18 20:50 B D:\Gonadohom\epat19\gits\card.gif <-- epat19 /disk/home/u30/path/epat19/public_html/gits card.gif
97.12.18 20:51 B D:\Gonadohom\epat19\gits\disk.gif <-- epat19 /disk/home/u30/path/epat19/public_html/gits disk.gif
97.12.18 20:51 B D:\Gonadohom\epat19\gits\dwarf.gif <-- epat19 /disk/home/u30/path/epat19/public_html/gits dwarf.gif
97.12.18 20:51 B D:\Gonadohom\epat19\gits\email.htm <-- epat19 /disk/home/u30/path/epat19/public_html/gits email.htm
97.12.18 20:51 B D:\Gonadohom\epat19\gits\error.htm <-- epat19 /disk/home/u30/path/epat19/public_html/gits error.htm
97.12.18 20:51 B D:\Gonadohom\epat19\gits\file.htm <-- epat19 /disk/home/u30/path/epat19/public_html/gits file.htm
97.12.18 20:51 B D:\Gonadohom\epat19\gits\fleyshur.gif <-- epat19 /disk/home/u30/path/epat19/public_html/gits fleyshur.gif
97.12.18 20:51 B D:\Gonadohom\epat19\gits\fleyshur.htm <-- epat19 /disk/home/u30/path/epat19/public_html/gits fleyshur.htm
97.12.18 20:51 B D:\Gonadohom\epat19\gits\garth.gif <-- epat19 /disk/home/u30/path/epat19/public_html/gits garth.gif
97.12.18 20:51 B D:\Gonadohom\epat19\gits\garth.htm <-- epat19 /disk/home/u30/path/epat19/public_html/gits garth.htm
97.12.18 20:51 B D:\Gonadohom\epat19\gits\giant.gif <-- epat19 /disk/home/u30/path/epat19/public_html/gits giant.gif
97.12.18 20:51 B D:\Gonadohom\epat19\gits\gits.htm <-- epat19 /disk/home/u30/path/epat19/public_html/gits gits.htm
97.12.18 20:51 B D:\Gonadohom\epat19\gits\gitsname.gif <-- epat19 /disk/home/u30/path/epat19/public_html/gits gitsname.gif
97.12.18 20:51 B D:\Gonadohom\epat19\gits\godmap.gif <-- epat19 /disk/home/u30/path/epat19/public_html/gits godmap.gif
97.12.18 20:51 B D:\Gonadohom\epat19\gits\gvban.gif <-- epat19 /disk/home/u30/path/epat19/public_html/gits gvban.gif
97.12.18 20:51 B D:\Gonadohom\epat19\gits\hedgehog.htm <-- epat19 /disk/home/u30/path/epat19/public_html/gits hedgehog.htm
97.12.18 20:51 B D:\Gonadohom\epat19\gits\hint.htm <-- epat19 /disk/home/u30/path/epat19/public_html/gits hint.htm
97.12.18 20:51 B D:\Gonadohom\epat19\gits\home.htm <-- epat19 /disk/home/u30/path/epat19/public_html/gits home.htm
97.12.18 20:51 B D:\Gonadohom\epat19\gits\index.html <-- epat19 /disk/home/u30/path/epat19/public_html/gits index.html
97.12.18 20:52 B D:\Gonadohom\epat19\gits\links.htm <-- epat19 /disk/home/u30/path/epat19/public_html/gits links.htm
97.12.18 20:52 B D:\Gonadohom\epat19\gits\logo.gif <-- epat19 /disk/home/u30/path/epat19/public_html/gits logo.gif
97.12.18 20:52 B D:\Gonadohom\epat19\gits\molwanh.gif <-- epat19 /disk/home/u30/path/epat19/public_html/gits molwanh.gif
97.12.18 20:52 B D:\Gonadohom\epat19\gits\molwanh.htm <-- epat19 /disk/home/u30/path/epat19/public_html/gits molwanh.htm
97.12.18 20:52 B D:\Gonadohom\epat19\gits\neutral.htm <-- epat19 /disk/home/u30/path/epat19/public_html/gits neutral.htm
97.12.18 20:52 B D:\Gonadohom\epat19\gits\novala.gif <-- epat19 /disk/home/u30/path/epat19/public_html/gits novala.gif
97.12.18 20:52 B D:\Gonadohom\epat19\gits\novala.htm <-- epat19 /disk/home/u30/path/epat19/public_html/gits novala.htm
97.12.18 20:52 B D:\Gonadohom\epat19\gits\parch.jpg <-- epat19 /disk/home/u30/path/epat19/public_html/gits parch.jpg
97.12.18 20:52 B D:\Gonadohom\epat19\gits\parch2.jpg <-- epat19 /disk/home/u30/path/epat19/public_html/gits parch2.jpg
97.12.18 20:52 B D:\Gonadohom\epat19\gits\passme.htm <-- epat19 /disk/home/u30/path/epat19/public_html/gits passme.htm
97.12.18 20:52 B D:\Gonadohom\epat19\gits\phylo.gif <-- epat19 /disk/home/u30/path/epat19/public_html/gits phylo.gif
97.12.18 20:52 B D:\Gonadohom\epat19\gits\phylo.htm <-- epat19 /disk/home/u30/path/epat19/public_html/gits phylo.htm
97.12.18 20:52 B D:\Gonadohom\epat19\gits\quest.jpg <-- epat19 /disk/home/u30/path/epat19/public_html/gits quest.jpg
97.12.18 20:52 B D:\Gonadohom\epat19\gits\sblurbs.htm <-- epat19 /disk/home/u30/path/epat19/public_html/gits sblurbs.htm
97.12.18 20:52 B D:\Gonadohom\epat19\gits\scroll.htm <-- epat19 /disk/home/u30/path/epat19/public_html/gits scroll.htm
97.12.18 20:53 B D:\Gonadohom\epat19\gits\scrollic.gif <-- epat19 /disk/home/u30/path/epat19/public_html/gits scrollic.gif
97.12.18 20:53 B D:\Gonadohom\epat19\gits\shopbut.gif <-- epat19 /disk/home/u30/path/epat19/public_html/gits shopbut.gif
97.12.18 20:53 B D:\Gonadohom\epat19\gits\shops.htm <-- epat19 /disk/home/u30/path/epat19/public_html/gits shops.htm
97.12.18 20:53 B D:\Gonadohom\epat19\gits\story.htm <-- epat19 /disk/home/u30/path/epat19/public_html/gits story.htm
97.12.18 20:53 B D:\Gonadohom\epat19\gits\sundonak.gif <-- epat19 /disk/home/u30/path/epat19/public_html/gits sundonak.gif
97.12.18 20:53 B D:\Gonadohom\epat19\gits\sundonak.htm <-- epat19 /disk/home/u30/path/epat19/public_html/gits sundonak.htm
97.12.18 20:53 B D:\Gonadohom\epat19\gits\try.gif <-- epat19 /disk/home/u30/path/epat19/public_html/gits try.gif
97.12.18 20:53 B D:\Gonadohom\epat19\gits\valkyr.gif <-- epat19 /disk/home/u30/path/epat19/public_html/gits valkyr.gif
97.12.18 20:53 B D:\Gonadohom\epat19\gits\ythcal.gif <-- epat19 /disk/home/u30/path/epat19/public_html/gits ythcal.gif
97.12.18 20:53 B D:\Gonadohom\epat19\gits\ythcal.htm <-- epat19 /disk/home/u30/path/epat19/public_html/gits ythcal.htm
98.08.27 11:57 A E:\Gonadohom\epat19\gits\chat.htm <-- holyrood /disk/home/u30/path/epat19/public_html/gits chat.htm
