2001.03.11 01:58 B H:\webserver\_themes\photostory\ablbnr.gif --> homepages.demon.co.uk /u/demon.co.uk/g/o/n/gonadovision/photostory/_themes/photostory ablbnr.gif
2001.03.11 01:58 B H:\webserver\_themes\photostory\ablbull1.gif --> homepages.demon.co.uk /u/demon.co.uk/g/o/n/gonadovision/photostory/_themes/photostory ablbull1.gif
2001.03.11 01:58 B H:\webserver\_themes\photostory\ablbull2.gif --> homepages.demon.co.uk /u/demon.co.uk/g/o/n/gonadovision/photostory/_themes/photostory ablbull2.gif
2001.03.11 01:58 B H:\webserver\_themes\photostory\ablbull3.gif --> homepages.demon.co.uk /u/demon.co.uk/g/o/n/gonadovision/photostory/_themes/photostory ablbull3.gif
2001.03.11 01:58 B H:\webserver\_themes\photostory\ablrule.gif --> homepages.demon.co.uk /u/demon.co.uk/g/o/n/gonadovision/photostory/_themes/photostory ablrule.gif
2001.03.11 01:58 B H:\webserver\_themes\photostory\back.jpg --> homepages.demon.co.uk /u/demon.co.uk/g/o/n/gonadovision/photostory/_themes/photostory back.jpg
2001.03.11 01:58 B H:\webserver\_themes\photostory\blbkgnd.gif --> homepages.demon.co.uk /u/demon.co.uk/g/o/n/gonadovision/photostory/_themes/photostory blbkgnd.gif
2001.03.11 01:58 B H:\webserver\_themes\photostory\blbnr.gif --> homepages.demon.co.uk /u/demon.co.uk/g/o/n/gonadovision/photostory/_themes/photostory blbnr.gif
2001.03.11 01:58 B H:\webserver\_themes\photostory\blbull1.gif --> homepages.demon.co.uk /u/demon.co.uk/g/o/n/gonadovision/photostory/_themes/photostory blbull1.gif
2001.03.11 01:58 B H:\webserver\_themes\photostory\blbull2.gif --> homepages.demon.co.uk /u/demon.co.uk/g/o/n/gonadovision/photostory/_themes/photostory blbull2.gif
2001.03.11 01:58 B H:\webserver\_themes\photostory\blbull3.gif --> homepages.demon.co.uk /u/demon.co.uk/g/o/n/gonadovision/photostory/_themes/photostory blbull3.gif
2001.03.11 01:58 B H:\webserver\_themes\photostory\blglb.gif --> homepages.demon.co.uk /u/demon.co.uk/g/o/n/gonadovision/photostory/_themes/photostory blglb.gif
2001.03.11 01:58 B H:\webserver\_themes\photostory\blhbh.gif --> homepages.demon.co.uk /u/demon.co.uk/g/o/n/gonadovision/photostory/_themes/photostory blhbh.gif
2001.03.11 01:58 B H:\webserver\_themes\photostory\blhbp.gif --> homepages.demon.co.uk /u/demon.co.uk/g/o/n/gonadovision/photostory/_themes/photostory blhbp.gif
2001.03.11 01:58 B H:\webserver\_themes\photostory\blhbs.gif --> homepages.demon.co.uk /u/demon.co.uk/g/o/n/gonadovision/photostory/_themes/photostory blhbs.gif
2001.03.11 01:58 B H:\webserver\_themes\photostory\blhome.gif --> homepages.demon.co.uk /u/demon.co.uk/g/o/n/gonadovision/photostory/_themes/photostory blhome.gif
2001.03.11 01:58 B H:\webserver\_themes\photostory\blhomeh.gif --> homepages.demon.co.uk /u/demon.co.uk/g/o/n/gonadovision/photostory/_themes/photostory blhomeh.gif
2001.03.11 01:59 B H:\webserver\_themes\photostory\blhomes.gif --> homepages.demon.co.uk /u/demon.co.uk/g/o/n/gonadovision/photostory/_themes/photostory blhomes.gif
2001.03.11 01:59 B H:\webserver\_themes\photostory\blnext.gif --> homepages.demon.co.uk /u/demon.co.uk/g/o/n/gonadovision/photostory/_themes/photostory blnext.gif
2001.03.11 01:59 B H:\webserver\_themes\photostory\blnexth.gif --> homepages.demon.co.uk /u/demon.co.uk/g/o/n/gonadovision/photostory/_themes/photostory blnexth.gif
2001.03.11 01:59 B H:\webserver\_themes\photostory\blnexts.gif --> homepages.demon.co.uk /u/demon.co.uk/g/o/n/gonadovision/photostory/_themes/photostory blnexts.gif
2001.03.11 01:59 B H:\webserver\_themes\photostory\blphb.gif --> homepages.demon.co.uk /u/demon.co.uk/g/o/n/gonadovision/photostory/_themes/photostory blphb.gif
2001.03.11 01:59 B H:\webserver\_themes\photostory\blphbp.gif --> homepages.demon.co.uk /u/demon.co.uk/g/o/n/gonadovision/photostory/_themes/photostory blphbp.gif
2001.03.11 01:59 B H:\webserver\_themes\photostory\blprev.gif --> homepages.demon.co.uk /u/demon.co.uk/g/o/n/gonadovision/photostory/_themes/photostory blprev.gif
2001.03.11 01:59 B H:\webserver\_themes\photostory\blprevh.gif --> homepages.demon.co.uk /u/demon.co.uk/g/o/n/gonadovision/photostory/_themes/photostory blprevh.gif
2001.03.11 01:59 B H:\webserver\_themes\photostory\blprevs.gif --> homepages.demon.co.uk /u/demon.co.uk/g/o/n/gonadovision/photostory/_themes/photostory blprevs.gif
2001.03.11 01:59 B H:\webserver\_themes\photostory\blpvb.gif --> homepages.demon.co.uk /u/demon.co.uk/g/o/n/gonadovision/photostory/_themes/photostory blpvb.gif
2001.03.11 01:59 B H:\webserver\_themes\photostory\blpvbp.gif --> homepages.demon.co.uk /u/demon.co.uk/g/o/n/gonadovision/photostory/_themes/photostory blpvbp.gif
2001.03.11 01:59 B H:\webserver\_themes\photostory\blrule.gif --> homepages.demon.co.uk /u/demon.co.uk/g/o/n/gonadovision/photostory/_themes/photostory blrule.gif
2001.03.11 01:59 B H:\webserver\_themes\photostory\blup.gif --> homepages.demon.co.uk /u/demon.co.uk/g/o/n/gonadovision/photostory/_themes/photostory blup.gif
2001.03.11 01:59 B H:\webserver\_themes\photostory\bluph.gif --> homepages.demon.co.uk /u/demon.co.uk/g/o/n/gonadovision/photostory/_themes/photostory bluph.gif
2001.03.11 01:59 B H:\webserver\_themes\photostory\blups.gif --> homepages.demon.co.uk /u/demon.co.uk/g/o/n/gonadovision/photostory/_themes/photostory blups.gif
2001.03.11 01:59 B H:\webserver\_themes\photostory\blvbh.gif --> homepages.demon.co.uk /u/demon.co.uk/g/o/n/gonadovision/photostory/_themes/photostory blvbh.gif
2001.03.11 01:59 B H:\webserver\_themes\photostory\blvbp.gif --> homepages.demon.co.uk /u/demon.co.uk/g/o/n/gonadovision/photostory/_themes/photostory blvbp.gif
2001.03.11 01:59 B H:\webserver\_themes\photostory\blvbs.gif --> homepages.demon.co.uk /u/demon.co.uk/g/o/n/gonadovision/photostory/_themes/photostory blvbs.gif
2001.03.11 01:59 B H:\webserver\_themes\photostory\color0.css --> homepages.demon.co.uk /u/demon.co.uk/g/o/n/gonadovision/photostory/_themes/photostory color0.css
2001.03.11 01:59 B H:\webserver\_themes\photostory\color1.css --> homepages.demon.co.uk /u/demon.co.uk/g/o/n/gonadovision/photostory/_themes/photostory color1.css
2001.03.11 01:59 B H:\webserver\_themes\photostory\custom.css --> homepages.demon.co.uk /u/demon.co.uk/g/o/n/gonadovision/photostory/_themes/photostory custom.css
2001.03.11 01:59 B H:\webserver\_themes\photostory\graph0.css --> homepages.demon.co.uk /u/demon.co.uk/g/o/n/gonadovision/photostory/_themes/photostory graph0.css
2001.03.11 01:59 B H:\webserver\_themes\photostory\graph1.css --> homepages.demon.co.uk /u/demon.co.uk/g/o/n/gonadovision/photostory/_themes/photostory graph1.css
2001.03.11 01:59 B H:\webserver\_themes\photostory\photostory.inf --> homepages.demon.co.uk /u/demon.co.uk/g/o/n/gonadovision/photostory/_themes/photostory photostory.inf
2001.03.11 01:59 B H:\webserver\_themes\photostory\photostory.utf8 --> homepages.demon.co.uk /u/demon.co.uk/g/o/n/gonadovision/photostory/_themes/photostory photostory.utf8
2001.03.11 01:59 B H:\webserver\_themes\photostory\theme.css --> homepages.demon.co.uk /u/demon.co.uk/g/o/n/gonadovision/photostory/_themes/photostory theme.css
