100.07.15 08:47 B X:\new_gonadovision\constellar\rocket\artillery_burst.au --> homepages.demon.co.uk /u/demon.co.uk/g/o/n/gonadovision/constellar/rocket artillery_burst.au
100.07.15 08:47 B X:\new_gonadovision\constellar\rocket\bgimg.gif --> homepages.demon.co.uk /u/demon.co.uk/g/o/n/gonadovision/constellar/rocket bgimg.gif
100.07.15 08:47 B X:\new_gonadovision\constellar\rocket\explosion.au --> homepages.demon.co.uk /u/demon.co.uk/g/o/n/gonadovision/constellar/rocket explosion.au
100.07.15 08:48 B X:\new_gonadovision\constellar\rocket\explosion.class --> homepages.demon.co.uk /u/demon.co.uk/g/o/n/gonadovision/constellar/rocket explosion.class
100.07.15 08:48 B X:\new_gonadovision\constellar\rocket\explosionstrip.gif --> homepages.demon.co.uk /u/demon.co.uk/g/o/n/gonadovision/constellar/rocket explosionstrip.gif
100.07.15 08:48 B X:\new_gonadovision\constellar\rocket\launcher.class --> homepages.demon.co.uk /u/demon.co.uk/g/o/n/gonadovision/constellar/rocket launcher.class
100.07.15 08:48 B X:\new_gonadovision\constellar\rocket\missile.au --> homepages.demon.co.uk /u/demon.co.uk/g/o/n/gonadovision/constellar/rocket missile.au
100.07.15 08:48 B X:\new_gonadovision\constellar\rocket\missile.class --> homepages.demon.co.uk /u/demon.co.uk/g/o/n/gonadovision/constellar/rocket missile.class
100.07.15 08:48 B X:\new_gonadovision\constellar\rocket\missile.gif --> homepages.demon.co.uk /u/demon.co.uk/g/o/n/gonadovision/constellar/rocket missile.gif
100.07.15 08:48 B X:\new_gonadovision\constellar\rocket\missile2.gif --> homepages.demon.co.uk /u/demon.co.uk/g/o/n/gonadovision/constellar/rocket missile2.gif
100.07.15 08:48 B X:\new_gonadovision\constellar\rocket\piece.class --> homepages.demon.co.uk /u/demon.co.uk/g/o/n/gonadovision/constellar/rocket piece.class
100.07.15 08:48 B X:\new_gonadovision\constellar\rocket\rocket.au --> homepages.demon.co.uk /u/demon.co.uk/g/o/n/gonadovision/constellar/rocket rocket.au
100.07.15 08:48 B X:\new_gonadovision\constellar\rocket\sonar.au --> homepages.demon.co.uk /u/demon.co.uk/g/o/n/gonadovision/constellar/rocket sonar.au
100.07.15 08:48 B X:\new_gonadovision\constellar\rocket\ufo.class --> homepages.demon.co.uk /u/demon.co.uk/g/o/n/gonadovision/constellar/rocket ufo.class
100.07.15 08:48 B X:\new_gonadovision\constellar\rocket\ufo_attack.class --> homepages.demon.co.uk /u/demon.co.uk/g/o/n/gonadovision/constellar/rocket ufo_attack.class
100.07.15 08:48 B X:\new_gonadovision\constellar\rocket\ufostrip.gif --> homepages.demon.co.uk /u/demon.co.uk/g/o/n/gonadovision/constellar/rocket ufostrip.gif
100.07.15 08:48 A X:\new_gonadovision\constellar\rocket\index.htm --> homepages.demon.co.uk /u/demon.co.uk/g/o/n/gonadovision/constellar/rocket index.htm
100.07.15 08:53 B X:\new_gonadovision\constellar\rocket\artillery_burst.au --> homepages.demon.co.uk /u/demon.co.uk/g/o/n/gonadovision/constellar/rocket artillery_burst.au
100.07.15 08:54 B X:\new_gonadovision\constellar\rocket\bgimg.gif --> homepages.demon.co.uk /u/demon.co.uk/g/o/n/gonadovision/constellar/rocket bgimg.gif
100.07.15 08:54 B X:\new_gonadovision\constellar\rocket\explosion.au --> homepages.demon.co.uk /u/demon.co.uk/g/o/n/gonadovision/constellar/rocket explosion.au
100.07.15 08:54 B X:\new_gonadovision\constellar\rocket\explosion.class --> homepages.demon.co.uk /u/demon.co.uk/g/o/n/gonadovision/constellar/rocket explosion.class
100.07.15 08:54 B X:\new_gonadovision\constellar\rocket\explosionstrip.gif --> homepages.demon.co.uk /u/demon.co.uk/g/o/n/gonadovision/constellar/rocket explosionstrip.gif
100.07.15 08:54 B X:\new_gonadovision\constellar\rocket\index.htm --> homepages.demon.co.uk /u/demon.co.uk/g/o/n/gonadovision/constellar/rocket index.htm
100.07.15 08:54 B X:\new_gonadovision\constellar\rocket\launcher.class --> homepages.demon.co.uk /u/demon.co.uk/g/o/n/gonadovision/constellar/rocket launcher.class
100.07.15 08:54 B X:\new_gonadovision\constellar\rocket\missile.au --> homepages.demon.co.uk /u/demon.co.uk/g/o/n/gonadovision/constellar/rocket missile.au
100.07.15 08:54 B X:\new_gonadovision\constellar\rocket\missile.class --> homepages.demon.co.uk /u/demon.co.uk/g/o/n/gonadovision/constellar/rocket missile.class
100.07.15 08:54 B X:\new_gonadovision\constellar\rocket\missile.gif --> homepages.demon.co.uk /u/demon.co.uk/g/o/n/gonadovision/constellar/rocket missile.gif
100.07.15 08:54 B X:\new_gonadovision\constellar\rocket\missile2.gif --> homepages.demon.co.uk /u/demon.co.uk/g/o/n/gonadovision/constellar/rocket missile2.gif
100.07.15 08:54 B X:\new_gonadovision\constellar\rocket\piece.class --> homepages.demon.co.uk /u/demon.co.uk/g/o/n/gonadovision/constellar/rocket piece.class
100.07.15 08:54 B X:\new_gonadovision\constellar\rocket\rocket.au --> homepages.demon.co.uk /u/demon.co.uk/g/o/n/gonadovision/constellar/rocket rocket.au
100.07.15 08:54 B X:\new_gonadovision\constellar\rocket\sonar.au --> homepages.demon.co.uk /u/demon.co.uk/g/o/n/gonadovision/constellar/rocket sonar.au
100.07.15 08:54 B X:\new_gonadovision\constellar\rocket\ufo.class --> homepages.demon.co.uk /u/demon.co.uk/g/o/n/gonadovision/constellar/rocket ufo.class
100.07.15 08:54 B X:\new_gonadovision\constellar\rocket\ufo_attack.class --> homepages.demon.co.uk /u/demon.co.uk/g/o/n/gonadovision/constellar/rocket ufo_attack.class
100.07.15 08:54 B X:\new_gonadovision\constellar\rocket\ufostrip.gif --> homepages.demon.co.uk /u/demon.co.uk/g/o/n/gonadovision/constellar/rocket ufostrip.gif
100.07.15 08:57 B X:\new_gonadovision\constellar\rocket\ufo_attack.class --> homepages.demon.co.uk /u/demon.co.uk/g/o/n/gonadovision/constellar/rocket ufo_attack.class
