1999.10.28 02:18 B E:\Gonadohom\photostory\tibsun\image1.jpg --> homepages.demon.co.uk /u/demon.co.uk/g/o/n/gonadovision/photostory/tibsun image1.jpg
1999.10.28 02:18 B E:\Gonadohom\photostory\tibsun\image10.jpg --> homepages.demon.co.uk /u/demon.co.uk/g/o/n/gonadovision/photostory/tibsun image10.jpg
1999.10.28 02:18 B E:\Gonadohom\photostory\tibsun\image11.jpg --> homepages.demon.co.uk /u/demon.co.uk/g/o/n/gonadovision/photostory/tibsun image11.jpg
1999.10.28 02:18 B E:\Gonadohom\photostory\tibsun\image14.jpg --> homepages.demon.co.uk /u/demon.co.uk/g/o/n/gonadovision/photostory/tibsun image14.jpg
1999.10.28 02:18 B E:\Gonadohom\photostory\tibsun\image16.jpg --> homepages.demon.co.uk /u/demon.co.uk/g/o/n/gonadovision/photostory/tibsun image16.jpg
1999.10.28 02:18 B E:\Gonadohom\photostory\tibsun\image17.jpg --> homepages.demon.co.uk /u/demon.co.uk/g/o/n/gonadovision/photostory/tibsun image17.jpg
1999.10.28 02:18 B E:\Gonadohom\photostory\tibsun\image18.jpg --> homepages.demon.co.uk /u/demon.co.uk/g/o/n/gonadovision/photostory/tibsun image18.jpg
1999.10.28 02:19 B E:\Gonadohom\photostory\tibsun\image2.jpg --> homepages.demon.co.uk /u/demon.co.uk/g/o/n/gonadovision/photostory/tibsun image2.jpg
1999.10.28 02:19 B E:\Gonadohom\photostory\tibsun\image20.jpg --> homepages.demon.co.uk /u/demon.co.uk/g/o/n/gonadovision/photostory/tibsun image20.jpg
1999.10.28 02:19 B E:\Gonadohom\photostory\tibsun\image21.jpg --> homepages.demon.co.uk /u/demon.co.uk/g/o/n/gonadovision/photostory/tibsun image21.jpg
1999.10.28 02:19 B E:\Gonadohom\photostory\tibsun\image23.jpg --> homepages.demon.co.uk /u/demon.co.uk/g/o/n/gonadovision/photostory/tibsun image23.jpg
1999.10.28 02:19 B E:\Gonadohom\photostory\tibsun\image3.jpg --> homepages.demon.co.uk /u/demon.co.uk/g/o/n/gonadovision/photostory/tibsun image3.jpg
1999.10.28 02:19 B E:\Gonadohom\photostory\tibsun\image4.jpg --> homepages.demon.co.uk /u/demon.co.uk/g/o/n/gonadovision/photostory/tibsun image4.jpg
1999.10.28 02:19 B E:\Gonadohom\photostory\tibsun\image6.jpg --> homepages.demon.co.uk /u/demon.co.uk/g/o/n/gonadovision/photostory/tibsun image6.jpg
1999.10.28 02:19 B E:\Gonadohom\photostory\tibsun\image7.jpg --> homepages.demon.co.uk /u/demon.co.uk/g/o/n/gonadovision/photostory/tibsun image7.jpg
1999.10.28 02:20 B E:\Gonadohom\photostory\tibsun\image8.jpg --> homepages.demon.co.uk /u/demon.co.uk/g/o/n/gonadovision/photostory/tibsun image8.jpg
1999.10.28 02:20 B E:\Gonadohom\photostory\tibsun\image9.jpg --> homepages.demon.co.uk /u/demon.co.uk/g/o/n/gonadovision/photostory/tibsun image9.jpg
1999.10.28 02:20 B E:\Gonadohom\photostory\tibsun\index.bak --> homepages.demon.co.uk /u/demon.co.uk/g/o/n/gonadovision/photostory/tibsun index.bak
1999.10.28 02:20 B E:\Gonadohom\photostory\tibsun\index.html --> homepages.demon.co.uk /u/demon.co.uk/g/o/n/gonadovision/photostory/tibsun index.html
1999.10.28 02:20 A E:\Gonadohom\photostory\tibsun\ts.txt --> homepages.demon.co.uk /u/demon.co.uk/g/o/n/gonadovision/photostory/tibsun ts.txt
2001.03.04 01:28 B H:\new_gonadovision\photostory\tibsun\image1.jpg --> homepages.demon.co.uk /u/demon.co.uk/g/o/n/gonadovision/photostory/tibsun image1.jpg
2001.03.04 01:28 B H:\new_gonadovision\photostory\tibsun\image10.jpg --> homepages.demon.co.uk /u/demon.co.uk/g/o/n/gonadovision/photostory/tibsun image10.jpg
2001.03.04 01:28 B H:\new_gonadovision\photostory\tibsun\image11.jpg --> homepages.demon.co.uk /u/demon.co.uk/g/o/n/gonadovision/photostory/tibsun image11.jpg
2001.03.04 01:28 B H:\new_gonadovision\photostory\tibsun\image14.jpg --> homepages.demon.co.uk /u/demon.co.uk/g/o/n/gonadovision/photostory/tibsun image14.jpg
2001.03.04 01:28 B H:\new_gonadovision\photostory\tibsun\image16.jpg --> homepages.demon.co.uk /u/demon.co.uk/g/o/n/gonadovision/photostory/tibsun image16.jpg
2001.03.04 01:29 B H:\new_gonadovision\photostory\tibsun\image17.jpg --> homepages.demon.co.uk /u/demon.co.uk/g/o/n/gonadovision/photostory/tibsun image17.jpg
2001.03.04 01:29 B H:\new_gonadovision\photostory\tibsun\image18.jpg --> homepages.demon.co.uk /u/demon.co.uk/g/o/n/gonadovision/photostory/tibsun image18.jpg
2001.03.04 01:29 B H:\new_gonadovision\photostory\tibsun\image2.jpg --> homepages.demon.co.uk /u/demon.co.uk/g/o/n/gonadovision/photostory/tibsun image2.jpg
2001.03.04 01:29 B H:\new_gonadovision\photostory\tibsun\image20.jpg --> homepages.demon.co.uk /u/demon.co.uk/g/o/n/gonadovision/photostory/tibsun image20.jpg
2001.03.04 01:29 B H:\new_gonadovision\photostory\tibsun\image21.jpg --> homepages.demon.co.uk /u/demon.co.uk/g/o/n/gonadovision/photostory/tibsun image21.jpg
2001.03.04 01:29 B H:\new_gonadovision\photostory\tibsun\image23.jpg --> homepages.demon.co.uk /u/demon.co.uk/g/o/n/gonadovision/photostory/tibsun image23.jpg
2001.03.04 01:30 B H:\new_gonadovision\photostory\tibsun\image3.jpg --> homepages.demon.co.uk /u/demon.co.uk/g/o/n/gonadovision/photostory/tibsun image3.jpg
2001.03.04 01:30 B H:\new_gonadovision\photostory\tibsun\image4.jpg --> homepages.demon.co.uk /u/demon.co.uk/g/o/n/gonadovision/photostory/tibsun image4.jpg
2001.03.04 01:30 B H:\new_gonadovision\photostory\tibsun\image6.jpg --> homepages.demon.co.uk /u/demon.co.uk/g/o/n/gonadovision/photostory/tibsun image6.jpg
2001.03.04 01:30 B H:\new_gonadovision\photostory\tibsun\image7.jpg --> homepages.demon.co.uk /u/demon.co.uk/g/o/n/gonadovision/photostory/tibsun image7.jpg
2001.03.04 01:30 B H:\new_gonadovision\photostory\tibsun\image8.jpg --> homepages.demon.co.uk /u/demon.co.uk/g/o/n/gonadovision/photostory/tibsun image8.jpg
2001.03.04 01:30 B H:\new_gonadovision\photostory\tibsun\image9.jpg --> homepages.demon.co.uk /u/demon.co.uk/g/o/n/gonadovision/photostory/tibsun image9.jpg
