2001.03.11 03:11 B H:\webserver\hogmanay2000\back.jpg --> homepages.demon.co.uk /u/demon.co.uk/g/o/n/gonadovision/photostory/hogmanay2000 back.jpg
2001.03.11 03:11 B H:\webserver\hogmanay2000\broon.gif --> homepages.demon.co.uk /u/demon.co.uk/g/o/n/gonadovision/photostory/hogmanay2000 broon.gif
2001.03.11 03:11 B H:\webserver\hogmanay2000\embra.mid --> homepages.demon.co.uk /u/demon.co.uk/g/o/n/gonadovision/photostory/hogmanay2000 embra.mid
2001.03.11 03:11 B H:\webserver\hogmanay2000\image1.jpg --> homepages.demon.co.uk /u/demon.co.uk/g/o/n/gonadovision/photostory/hogmanay2000 image1.jpg
2001.03.11 03:11 B H:\webserver\hogmanay2000\image10.jpg --> homepages.demon.co.uk /u/demon.co.uk/g/o/n/gonadovision/photostory/hogmanay2000 image10.jpg
2001.03.11 03:11 B H:\webserver\hogmanay2000\image11.jpg --> homepages.demon.co.uk /u/demon.co.uk/g/o/n/gonadovision/photostory/hogmanay2000 image11.jpg
2001.03.11 03:11 B H:\webserver\hogmanay2000\image2.jpg --> homepages.demon.co.uk /u/demon.co.uk/g/o/n/gonadovision/photostory/hogmanay2000 image2.jpg
2001.03.11 03:11 B H:\webserver\hogmanay2000\image3.jpg --> homepages.demon.co.uk /u/demon.co.uk/g/o/n/gonadovision/photostory/hogmanay2000 image3.jpg
2001.03.11 03:11 B H:\webserver\hogmanay2000\image4.jpg --> homepages.demon.co.uk /u/demon.co.uk/g/o/n/gonadovision/photostory/hogmanay2000 image4.jpg
2001.03.11 03:11 B H:\webserver\hogmanay2000\image5.jpg --> homepages.demon.co.uk /u/demon.co.uk/g/o/n/gonadovision/photostory/hogmanay2000 image5.jpg
2001.03.11 03:12 B H:\webserver\hogmanay2000\image6.jpg --> homepages.demon.co.uk /u/demon.co.uk/g/o/n/gonadovision/photostory/hogmanay2000 image6.jpg
2001.03.11 03:12 B H:\webserver\hogmanay2000\image7.jpg --> homepages.demon.co.uk /u/demon.co.uk/g/o/n/gonadovision/photostory/hogmanay2000 image7.jpg
2001.03.11 03:12 B H:\webserver\hogmanay2000\image8.jpg --> homepages.demon.co.uk /u/demon.co.uk/g/o/n/gonadovision/photostory/hogmanay2000 image8.jpg
2001.03.11 03:12 B H:\webserver\hogmanay2000\image9.jpg --> homepages.demon.co.uk /u/demon.co.uk/g/o/n/gonadovision/photostory/hogmanay2000 image9.jpg
2001.03.11 03:12 B H:\webserver\hogmanay2000\index.htm --> homepages.demon.co.uk /u/demon.co.uk/g/o/n/gonadovision/photostory/hogmanay2000 index.htm
2001.03.11 04:03 B H:\webserver\hogmanay2000\back.jpg --> homepages.demon.co.uk /u/demon.co.uk/g/o/n/gonadovision/photostory/hogmanay2000 back.jpg
2001.03.11 04:03 B H:\webserver\hogmanay2000\broon.gif --> homepages.demon.co.uk /u/demon.co.uk/g/o/n/gonadovision/photostory/hogmanay2000 broon.gif
2001.03.11 04:04 B H:\webserver\hogmanay2000\embra.mid --> homepages.demon.co.uk /u/demon.co.uk/g/o/n/gonadovision/photostory/hogmanay2000 embra.mid
2001.03.11 04:04 B H:\webserver\hogmanay2000\image1.jpg --> homepages.demon.co.uk /u/demon.co.uk/g/o/n/gonadovision/photostory/hogmanay2000 image1.jpg
2001.03.11 04:04 B H:\webserver\hogmanay2000\image10.jpg --> homepages.demon.co.uk /u/demon.co.uk/g/o/n/gonadovision/photostory/hogmanay2000 image10.jpg
2001.03.11 04:04 B H:\webserver\hogmanay2000\image11.jpg --> homepages.demon.co.uk /u/demon.co.uk/g/o/n/gonadovision/photostory/hogmanay2000 image11.jpg
2001.03.11 04:04 B H:\webserver\hogmanay2000\image2.jpg --> homepages.demon.co.uk /u/demon.co.uk/g/o/n/gonadovision/photostory/hogmanay2000 image2.jpg
2001.03.11 04:04 B H:\webserver\hogmanay2000\image3.jpg --> homepages.demon.co.uk /u/demon.co.uk/g/o/n/gonadovision/photostory/hogmanay2000 image3.jpg
2001.03.11 04:04 B H:\webserver\hogmanay2000\image4.jpg --> homepages.demon.co.uk /u/demon.co.uk/g/o/n/gonadovision/photostory/hogmanay2000 image4.jpg
2001.03.11 04:04 B H:\webserver\hogmanay2000\image5.jpg --> homepages.demon.co.uk /u/demon.co.uk/g/o/n/gonadovision/photostory/hogmanay2000 image5.jpg
2001.03.11 04:05 B H:\webserver\hogmanay2000\image6.jpg --> homepages.demon.co.uk /u/demon.co.uk/g/o/n/gonadovision/photostory/hogmanay2000 image6.jpg
2001.03.11 04:05 B H:\webserver\hogmanay2000\image7.jpg --> homepages.demon.co.uk /u/demon.co.uk/g/o/n/gonadovision/photostory/hogmanay2000 image7.jpg
2001.03.11 04:05 B H:\webserver\hogmanay2000\image8.jpg --> homepages.demon.co.uk /u/demon.co.uk/g/o/n/gonadovision/photostory/hogmanay2000 image8.jpg
2001.03.11 04:05 B H:\webserver\hogmanay2000\image9.jpg --> homepages.demon.co.uk /u/demon.co.uk/g/o/n/gonadovision/photostory/hogmanay2000 image9.jpg
2001.03.11 04:05 B H:\webserver\hogmanay2000\index.htm --> homepages.demon.co.uk /u/demon.co.uk/g/o/n/gonadovision/photostory/hogmanay2000 index.htm
2001.03.14 01:49 A H:\webserver\hogmanay2000\index.htm --> homepages.demon.co.uk /u/demon.co.uk/g/o/n/gonadovision/photostory/Hogmanay2000 index.htm
2001.03.14 01:56 A H:\webserver\hogmanay2000\index.htm --> homepages.demon.co.uk /u/demon.co.uk/g/o/n/gonadovision/photostory/Hogmanay2000 index.htm
