2001.10.20 01:09 B H:\to be added to broon.co.uk\scotland\aberdeen.gif <-- Demon Homepages /vol1/demon.co.uk/g/o/n/gonadovision aberdeen.gif
2001.10.20 01:09 B H:\to be added to broon.co.uk\scotland\bike.gif <-- Demon Homepages /vol1/demon.co.uk/g/o/n/gonadovision bike.gif
2001.10.20 01:09 B H:\to be added to broon.co.uk\scotland\cities.htm <-- Demon Homepages /vol1/demon.co.uk/g/o/n/gonadovision cities.htm
2001.10.20 01:09 B H:\to be added to broon.co.uk\scotland\culture.htm <-- Demon Homepages /vol1/demon.co.uk/g/o/n/gonadovision culture.htm
2001.10.20 01:10 B H:\to be added to broon.co.uk\scotland\cyclingi.htm <-- Demon Homepages /vol1/demon.co.uk/g/o/n/gonadovision cyclingi.htm
2001.10.20 01:10 B H:\to be added to broon.co.uk\scotland\dundee.gif <-- Demon Homepages /vol1/demon.co.uk/g/o/n/gonadovision dundee.gif
2001.10.20 01:10 B H:\to be added to broon.co.uk\scotland\ed1.gif <-- Demon Homepages /vol1/demon.co.uk/g/o/n/gonadovision ed1.gif
2001.10.20 01:10 B H:\to be added to broon.co.uk\scotland\ed2.gif <-- Demon Homepages /vol1/demon.co.uk/g/o/n/gonadovision ed2.gif
2001.10.20 01:10 B H:\to be added to broon.co.uk\scotland\firemen.gif <-- Demon Homepages /vol1/demon.co.uk/g/o/n/gonadovision firemen.gif
2001.10.20 01:10 B H:\to be added to broon.co.uk\scotland\food.htm <-- Demon Homepages /vol1/demon.co.uk/g/o/n/gonadovision food.htm
2001.10.20 01:10 B H:\to be added to broon.co.uk\scotland\gladban.gif <-- Demon Homepages /vol1/demon.co.uk/g/o/n/gonadovision gladban.gif
2001.10.20 01:10 B H:\to be added to broon.co.uk\scotland\glasgow1.gif <-- Demon Homepages /vol1/demon.co.uk/g/o/n/gonadovision glasgow1.gif
2001.10.20 01:11 B H:\to be added to broon.co.uk\scotland\hagban.gif <-- Demon Homepages /vol1/demon.co.uk/g/o/n/gonadovision hagban.gif
2001.10.20 01:11 B H:\to be added to broon.co.uk\scotland\haggis.gif <-- Demon Homepages /vol1/demon.co.uk/g/o/n/gonadovision haggis.gif
2001.10.20 01:11 B H:\to be added to broon.co.uk\scotland\haggisce.htm <-- Demon Homepages /vol1/demon.co.uk/g/o/n/gonadovision haggisce.htm
2001.10.20 01:11 B H:\to be added to broon.co.uk\scotland\hintstip.htm <-- Demon Homepages /vol1/demon.co.uk/g/o/n/gonadovision hintstip.htm
2001.10.20 01:11 B H:\to be added to broon.co.uk\scotland\language.htm <-- Demon Homepages /vol1/demon.co.uk/g/o/n/gonadovision language.htm
2001.10.20 01:11 B H:\to be added to broon.co.uk\scotland\loch.gif <-- Demon Homepages /vol1/demon.co.uk/g/o/n/gonadovision loch.gif
2001.10.20 01:11 B H:\to be added to broon.co.uk\scotland\makingap.htm <-- Demon Homepages /vol1/demon.co.uk/g/o/n/gonadovision makingap.htm
2001.10.20 01:11 B H:\to be added to broon.co.uk\scotland\mdiagram.gif <-- Demon Homepages /vol1/demon.co.uk/g/o/n/gonadovision mdiagram.gif
2001.10.20 01:11 B H:\to be added to broon.co.uk\scotland\metmap.gif <-- Demon Homepages /vol1/demon.co.uk/g/o/n/gonadovision metmap.gif
2001.10.20 01:11 B H:\to be added to broon.co.uk\scotland\monster1.gif <-- Demon Homepages /vol1/demon.co.uk/g/o/n/gonadovision monster1.gif
2001.10.20 01:11 B H:\to be added to broon.co.uk\scotland\monster2.gif <-- Demon Homepages /vol1/demon.co.uk/g/o/n/gonadovision monster2.gif
2001.10.20 01:12 B H:\to be added to broon.co.uk\scotland\monster3.gif <-- Demon Homepages /vol1/demon.co.uk/g/o/n/gonadovision monster3.gif
2001.10.20 01:12 B H:\to be added to broon.co.uk\scotland\monster4.gif <-- Demon Homepages /vol1/demon.co.uk/g/o/n/gonadovision monster4.gif
2001.10.20 01:12 B H:\to be added to broon.co.uk\scotland\myths.htm <-- Demon Homepages /vol1/demon.co.uk/g/o/n/gonadovision myths.htm
2001.10.20 01:12 B H:\to be added to broon.co.uk\scotland\nessie.htm <-- Demon Homepages /vol1/demon.co.uk/g/o/n/gonadovision nessie.htm
2001.10.20 01:12 B H:\to be added to broon.co.uk\scotland\nessiepi.htm <-- Demon Homepages /vol1/demon.co.uk/g/o/n/gonadovision nessiepi.htm
2001.10.20 01:12 B H:\to be added to broon.co.uk\scotland\new.htm <-- Demon Homepages /vol1/demon.co.uk/g/o/n/gonadovision new.htm
2001.10.20 01:12 B H:\to be added to broon.co.uk\scotland\odetoaha.htm <-- Demon Homepages /vol1/demon.co.uk/g/o/n/gonadovision odetoaha.htm
2001.10.20 01:12 B H:\to be added to broon.co.uk\scotland\pizban.gif <-- Demon Homepages /vol1/demon.co.uk/g/o/n/gonadovision pizban.gif
2001.10.20 01:12 B H:\to be added to broon.co.uk\scotland\refer.htm <-- Demon Homepages /vol1/demon.co.uk/g/o/n/gonadovision refer.htm
2001.10.20 01:12 B H:\to be added to broon.co.uk\scotland\scot.gif <-- Demon Homepages /vol1/demon.co.uk/g/o/n/gonadovision scot.gif
2001.10.20 01:12 B H:\to be added to broon.co.uk\scotland\scotmain.htm <-- Demon Homepages /vol1/demon.co.uk/g/o/n/gonadovision scotmain.htm
2001.10.20 01:12 B H:\to be added to broon.co.uk\scotland\scotmenu.htm <-- Demon Homepages /vol1/demon.co.uk/g/o/n/gonadovision scotmenu.htm
2001.10.20 01:12 B H:\to be added to broon.co.uk\scotland\scotmus.htm <-- Demon Homepages /vol1/demon.co.uk/g/o/n/gonadovision scotmus.htm
2001.10.20 01:12 B H:\to be added to broon.co.uk\scotland\scotmus.mid <-- Demon Homepages /vol1/demon.co.uk/g/o/n/gonadovision scotmus.mid
2001.10.20 01:12 B H:\to be added to broon.co.uk\scotland\scotsare.htm <-- Demon Homepages /vol1/demon.co.uk/g/o/n/gonadovision scotsare.htm
2001.10.20 01:12 B H:\to be added to broon.co.uk\scotland\scotsel.htm <-- Demon Homepages /vol1/demon.co.uk/g/o/n/gonadovision scotsel.htm
2001.10.20 01:13 B H:\to be added to broon.co.uk\scotland\tartan.gif <-- Demon Homepages /vol1/demon.co.uk/g/o/n/gonadovision tartan.gif
2001.10.20 01:13 B H:\to be added to broon.co.uk\scotland\tartansa.htm <-- Demon Homepages /vol1/demon.co.uk/g/o/n/gonadovision tartansa.htm
2001.10.20 01:13 B H:\to be added to broon.co.uk\scotland\thejacka.htm <-- Demon Homepages /vol1/demon.co.uk/g/o/n/gonadovision thejacka.htm
2001.10.20 01:13 B H:\to be added to broon.co.uk\scotland\tipsban1.gif <-- Demon Homepages /vol1/demon.co.uk/g/o/n/gonadovision tipsban1.gif
2001.10.20 01:13 B H:\to be added to broon.co.uk\scotland\tipsnan2.gif <-- Demon Homepages /vol1/demon.co.uk/g/o/n/gonadovision tipsnan2.gif
2001.10.20 01:13 B H:\to be added to broon.co.uk\scotland\travel.htm <-- Demon Homepages /vol1/demon.co.uk/g/o/n/gonadovision travel.htm
2001.10.20 01:13 B H:\to be added to broon.co.uk\scotland\visitors.htm <-- Demon Homepages /vol1/demon.co.uk/g/o/n/gonadovision visitors.htm
2001.10.20 01:13 B H:\to be added to broon.co.uk\scotland\whereiss.htm <-- Demon Homepages /vol1/demon.co.uk/g/o/n/gonadovision whereiss.htm
2001.10.20 01:13 B H:\to be added to broon.co.uk\scotland\x_fling.gif <-- Demon Homepages /vol1/demon.co.uk/g/o/n/gonadovision x_fling.gif
2001.10.20 01:13 B H:\to be added to broon.co.uk\scotland\x_hunt.gif <-- Demon Homepages /vol1/demon.co.uk/g/o/n/gonadovision x_hunt.gif
2001.10.20 01:13 B H:\to be added to broon.co.uk\scotland\x_loom.gif <-- Demon Homepages /vol1/demon.co.uk/g/o/n/gonadovision x_loom.gif
2001.10.20 01:13 B H:\to be added to broon.co.uk\scotland\x_rabbie.gif <-- Demon Homepages /vol1/demon.co.uk/g/o/n/gonadovision x_rabbie.gif
2001.10.20 01:13 B H:\to be added to broon.co.uk\scotland\x_shop.gif <-- Demon Homepages /vol1/demon.co.uk/g/o/n/gonadovision x_shop.gif
2001.10.20 01:19 B H:\to be added to broon.co.uk\scotland\gtb.gif <-- Demon Homepages /vol1/demon.co.uk/g/o/n/gonadovision gtb.gif
2001.10.20 01:20 B H:\to be added to broon.co.uk\scotland\miscella.htm <-- Demon Homepages /vol1/demon.co.uk/g/o/n/gonadovision miscella.htm
2002.01.10 01:45 B H:\webserver\scotland\aberdeen.gif --> homepages.demon.co.uk /vol1/demon.co.uk/g/o/n/gonadovision/photostory/scotland aberdeen.gif
2002.01.10 01:45 B H:\webserver\scotland\bike.gif --> homepages.demon.co.uk /vol1/demon.co.uk/g/o/n/gonadovision/photostory/scotland bike.gif
2002.01.10 01:45 B H:\webserver\scotland\cities.htm --> homepages.demon.co.uk /vol1/demon.co.uk/g/o/n/gonadovision/photostory/scotland cities.htm
2002.01.10 01:45 B H:\webserver\scotland\culture.htm --> homepages.demon.co.uk /vol1/demon.co.uk/g/o/n/gonadovision/photostory/scotland culture.htm
2002.01.10 01:45 B H:\webserver\scotland\cyclingi.htm --> homepages.demon.co.uk /vol1/demon.co.uk/g/o/n/gonadovision/photostory/scotland cyclingi.htm
2002.01.10 01:45 B H:\webserver\scotland\dundee.gif --> homepages.demon.co.uk /vol1/demon.co.uk/g/o/n/gonadovision/photostory/scotland dundee.gif
2002.01.10 01:45 B H:\webserver\scotland\ed1.gif --> homepages.demon.co.uk /vol1/demon.co.uk/g/o/n/gonadovision/photostory/scotland ed1.gif
2002.01.10 01:46 B H:\webserver\scotland\ed2.gif --> homepages.demon.co.uk /vol1/demon.co.uk/g/o/n/gonadovision/photostory/scotland ed2.gif
2002.01.10 01:46 B H:\webserver\scotland\firemen.gif --> homepages.demon.co.uk /vol1/demon.co.uk/g/o/n/gonadovision/photostory/scotland firemen.gif
2002.01.10 01:46 B H:\webserver\scotland\food.htm --> homepages.demon.co.uk /vol1/demon.co.uk/g/o/n/gonadovision/photostory/scotland food.htm
2002.01.10 01:46 B H:\webserver\scotland\gladban.gif --> homepages.demon.co.uk /vol1/demon.co.uk/g/o/n/gonadovision/photostory/scotland gladban.gif
2002.01.10 01:46 B H:\webserver\scotland\glasgow1.gif --> homepages.demon.co.uk /vol1/demon.co.uk/g/o/n/gonadovision/photostory/scotland glasgow1.gif
2002.01.10 01:46 B H:\webserver\scotland\gtb.gif --> homepages.demon.co.uk /vol1/demon.co.uk/g/o/n/gonadovision/photostory/scotland gtb.gif
2002.01.10 01:46 B H:\webserver\scotland\hagban.gif --> homepages.demon.co.uk /vol1/demon.co.uk/g/o/n/gonadovision/photostory/scotland hagban.gif
2002.01.10 01:46 B H:\webserver\scotland\haggis.gif --> homepages.demon.co.uk /vol1/demon.co.uk/g/o/n/gonadovision/photostory/scotland haggis.gif
2002.01.10 01:46 B H:\webserver\scotland\haggisce.htm --> homepages.demon.co.uk /vol1/demon.co.uk/g/o/n/gonadovision/photostory/scotland haggisce.htm
2002.01.10 01:46 B H:\webserver\scotland\hintstip.htm --> homepages.demon.co.uk /vol1/demon.co.uk/g/o/n/gonadovision/photostory/scotland hintstip.htm
2002.01.10 01:46 B H:\webserver\scotland\index.html --> homepages.demon.co.uk /vol1/demon.co.uk/g/o/n/gonadovision/photostory/scotland index.html
2002.01.10 01:46 B H:\webserver\scotland\language.htm --> homepages.demon.co.uk /vol1/demon.co.uk/g/o/n/gonadovision/photostory/scotland language.htm
2002.01.10 01:46 B H:\webserver\scotland\loch.gif --> homepages.demon.co.uk /vol1/demon.co.uk/g/o/n/gonadovision/photostory/scotland loch.gif
2002.01.10 01:46 B H:\webserver\scotland\main.html --> homepages.demon.co.uk /vol1/demon.co.uk/g/o/n/gonadovision/photostory/scotland main.html
2002.01.10 01:46 B H:\webserver\scotland\makingap.htm --> homepages.demon.co.uk /vol1/demon.co.uk/g/o/n/gonadovision/photostory/scotland makingap.htm
2002.01.10 01:46 B H:\webserver\scotland\mdiagram.gif --> homepages.demon.co.uk /vol1/demon.co.uk/g/o/n/gonadovision/photostory/scotland mdiagram.gif
2002.01.10 01:46 B H:\webserver\scotland\metmap.gif --> homepages.demon.co.uk /vol1/demon.co.uk/g/o/n/gonadovision/photostory/scotland metmap.gif
2002.01.10 01:46 B H:\webserver\scotland\miscella.htm --> homepages.demon.co.uk /vol1/demon.co.uk/g/o/n/gonadovision/photostory/scotland miscella.htm
2002.01.10 01:47 B H:\webserver\scotland\monster1.gif --> homepages.demon.co.uk /vol1/demon.co.uk/g/o/n/gonadovision/photostory/scotland monster1.gif
2002.01.10 01:47 B H:\webserver\scotland\monster2.gif --> homepages.demon.co.uk /vol1/demon.co.uk/g/o/n/gonadovision/photostory/scotland monster2.gif
2002.01.10 01:47 B H:\webserver\scotland\monster3.gif --> homepages.demon.co.uk /vol1/demon.co.uk/g/o/n/gonadovision/photostory/scotland monster3.gif
