100.09.04 02:03 A H:\new_gonadovision\photostory\dublin\index.html --> homepages.demon.co.uk /u/demon.co.uk/g/o/n/gonadovision/photostory/dublin index.html
100.09.04 02:04 B H:\new_gonadovision\photostory\dublin\back.jpg --> homepages.demon.co.uk /u/demon.co.uk/g/o/n/gonadovision/photostory/dublin back.jpg
100.09.04 02:04 B H:\new_gonadovision\photostory\dublin\dublin1.jpg --> homepages.demon.co.uk /u/demon.co.uk/g/o/n/gonadovision/photostory/dublin dublin1.jpg
100.09.04 02:06 B H:\new_gonadovision\photostory\dublin\group.gif --> homepages.demon.co.uk /u/demon.co.uk/g/o/n/gonadovision/photostory/dublin group.gif
100.09.04 02:06 A H:\new_gonadovision\photostory\dublin\index.html --> homepages.demon.co.uk /u/demon.co.uk/g/o/n/gonadovision/photostory/dublin index.html
100.09.08 02:27 B H:\new_gonadovision\photostory\dublin\capx356.jpg --> homepages.demon.co.uk /u/demon.co.uk/g/o/n/gonadovision/photostory/dublin capx356.jpg
100.09.08 02:28 B H:\new_gonadovision\photostory\dublin\capx358.jpg --> homepages.demon.co.uk /u/demon.co.uk/g/o/n/gonadovision/photostory/dublin capx358.jpg
100.09.08 02:28 B H:\new_gonadovision\photostory\dublin\capx489.jpg --> homepages.demon.co.uk /u/demon.co.uk/g/o/n/gonadovision/photostory/dublin capx489.jpg
100.09.08 02:28 B H:\new_gonadovision\photostory\dublin\capx496a.jpg --> homepages.demon.co.uk /u/demon.co.uk/g/o/n/gonadovision/photostory/dublin capx496a.jpg
100.09.08 02:28 B H:\new_gonadovision\photostory\dublin\capx498a.jpg --> homepages.demon.co.uk /u/demon.co.uk/g/o/n/gonadovision/photostory/dublin capx498a.jpg
100.09.08 02:28 B H:\new_gonadovision\photostory\dublin\capx501a.jpg --> homepages.demon.co.uk /u/demon.co.uk/g/o/n/gonadovision/photostory/dublin capx501a.jpg
100.09.08 02:28 B H:\new_gonadovision\photostory\dublin\capx503a.jpg --> homepages.demon.co.uk /u/demon.co.uk/g/o/n/gonadovision/photostory/dublin capx503a.jpg
100.09.08 02:28 B H:\new_gonadovision\photostory\dublin\capx505a.jpg --> homepages.demon.co.uk /u/demon.co.uk/g/o/n/gonadovision/photostory/dublin capx505a.jpg
100.09.08 02:29 B H:\new_gonadovision\photostory\dublin\capx506a.jpg --> homepages.demon.co.uk /u/demon.co.uk/g/o/n/gonadovision/photostory/dublin capx506a.jpg
100.09.08 02:29 B H:\new_gonadovision\photostory\dublin\capx513a.jpg --> homepages.demon.co.uk /u/demon.co.uk/g/o/n/gonadovision/photostory/dublin capx513a.jpg
100.09.08 02:29 B H:\new_gonadovision\photostory\dublin\capx520.jpg --> homepages.demon.co.uk /u/demon.co.uk/g/o/n/gonadovision/photostory/dublin capx520.jpg
100.09.08 02:29 B H:\new_gonadovision\photostory\dublin\capx525.jpg --> homepages.demon.co.uk /u/demon.co.uk/g/o/n/gonadovision/photostory/dublin capx525.jpg
100.09.08 02:29 B H:\new_gonadovision\photostory\dublin\capx526.jpg --> homepages.demon.co.uk /u/demon.co.uk/g/o/n/gonadovision/photostory/dublin capx526.jpg
100.09.08 02:29 B H:\new_gonadovision\photostory\dublin\capx532.jpg --> homepages.demon.co.uk /u/demon.co.uk/g/o/n/gonadovision/photostory/dublin capx532.jpg
100.09.08 02:29 B H:\new_gonadovision\photostory\dublin\capx555.jpg --> homepages.demon.co.uk /u/demon.co.uk/g/o/n/gonadovision/photostory/dublin capx555.jpg
100.09.08 02:29 B H:\new_gonadovision\photostory\dublin\capx556.jpg --> homepages.demon.co.uk /u/demon.co.uk/g/o/n/gonadovision/photostory/dublin capx556.jpg
100.09.08 02:30 B H:\new_gonadovision\photostory\dublin\capx558.jpg --> homepages.demon.co.uk /u/demon.co.uk/g/o/n/gonadovision/photostory/dublin capx558.jpg
100.09.08 02:30 B H:\new_gonadovision\photostory\dublin\capx559.jpg --> homepages.demon.co.uk /u/demon.co.uk/g/o/n/gonadovision/photostory/dublin capx559.jpg
100.09.08 02:30 B H:\new_gonadovision\photostory\dublin\capx560.jpg --> homepages.demon.co.uk /u/demon.co.uk/g/o/n/gonadovision/photostory/dublin capx560.jpg
100.09.08 02:30 B H:\new_gonadovision\photostory\dublin\capx569.jpg --> homepages.demon.co.uk /u/demon.co.uk/g/o/n/gonadovision/photostory/dublin capx569.jpg
100.09.08 02:30 B H:\new_gonadovision\photostory\dublin\capx575.jpg --> homepages.demon.co.uk /u/demon.co.uk/g/o/n/gonadovision/photostory/dublin capx575.jpg
100.09.08 02:31 B H:\new_gonadovision\photostory\dublin\cheers.gif --> homepages.demon.co.uk /u/demon.co.uk/g/o/n/gonadovision/photostory/dublin cheers.gif
100.09.08 02:31 B H:\new_gonadovision\photostory\dublin\construction.gif --> homepages.demon.co.uk /u/demon.co.uk/g/o/n/gonadovision/photostory/dublin construction.gif
100.09.08 02:31 A H:\new_gonadovision\photostory\dublin\day1.htm --> homepages.demon.co.uk /u/demon.co.uk/g/o/n/gonadovision/photostory/dublin day1.htm
100.09.08 02:31 A H:\new_gonadovision\photostory\dublin\day2.htm --> homepages.demon.co.uk /u/demon.co.uk/g/o/n/gonadovision/photostory/dublin day2.htm
100.09.08 02:31 A H:\new_gonadovision\photostory\dublin\day3.htm --> homepages.demon.co.uk /u/demon.co.uk/g/o/n/gonadovision/photostory/dublin day3.htm
100.09.08 02:32 B H:\new_gonadovision\photostory\dublin\dublin1.jpg --> homepages.demon.co.uk /u/demon.co.uk/g/o/n/gonadovision/photostory/dublin dublin1.jpg
100.09.08 02:33 B H:\new_gonadovision\photostory\dublin\heid.gif --> homepages.demon.co.uk /u/demon.co.uk/g/o/n/gonadovision/photostory/dublin heid.gif
100.09.08 02:33 A H:\new_gonadovision\photostory\dublin\index.html --> homepages.demon.co.uk /u/demon.co.uk/g/o/n/gonadovision/photostory/dublin index.html
100.09.09 09:04 A H:\new_gonadovision\photostory\dublin\day4.htm <-- DEMON HOMEPAGES /u/demon.co.uk/g/o/n/gonadovision/photostory/dublin day4.htm
100.09.09 09:04 A H:\new_gonadovision\photostory\dublin\day1.htm --> homepages.demon.co.uk /u/demon.co.uk/g/o/n/gonadovision/photostory/dublin day1.htm
100.09.09 09:04 A H:\new_gonadovision\photostory\dublin\index.html --> homepages.demon.co.uk /u/demon.co.uk/g/o/n/gonadovision/photostory/dublin index.html
100.09.09 09:05 B H:\new_gonadovision\photostory\dublin\celtic-xg.mid --> homepages.demon.co.uk /u/demon.co.uk/g/o/n/gonadovision/photostory/dublin celtic-xg.mid
100.09.09 09:05 B H:\new_gonadovision\photostory\dublin\blaksmth.mid --> homepages.demon.co.uk /u/demon.co.uk/g/o/n/gonadovision/photostory/dublin blaksmth.mid
100.09.09 09:05 A H:\new_gonadovision\photostory\dublin\day4.htm --> homepages.demon.co.uk /u/demon.co.uk/g/o/n/gonadovision/photostory/dublin day4.htm
100.09.09 09:15 A H:\new_gonadovision\photostory\dublin\index.html --> homepages.demon.co.uk /u/demon.co.uk/g/o/n/gonadovision/photostory/dublin index.html
100.09.09 09:49 B H:\new_gonadovision\photostory\dublin\aughrim.mid --> homepages.demon.co.uk /u/demon.co.uk/g/o/n/gonadovision/photostory/dublin aughrim.mid
100.09.09 09:50 B H:\new_gonadovision\photostory\dublin\morrison.mid --> homepages.demon.co.uk /u/demon.co.uk/g/o/n/gonadovision/photostory/dublin morrison.mid
100.09.09 09:50 A H:\new_gonadovision\photostory\dublin\day4.htm --> homepages.demon.co.uk /u/demon.co.uk/g/o/n/gonadovision/photostory/dublin day4.htm
100.09.09 09:50 A H:\new_gonadovision\photostory\dublin\day1.htm --> homepages.demon.co.uk /u/demon.co.uk/g/o/n/gonadovision/photostory/dublin day1.htm
100.09.09 09:50 A H:\new_gonadovision\photostory\dublin\day2.htm --> homepages.demon.co.uk /u/demon.co.uk/g/o/n/gonadovision/photostory/dublin day2.htm
100.09.09 09:50 A H:\new_gonadovision\photostory\dublin\day3.htm --> homepages.demon.co.uk /u/demon.co.uk/g/o/n/gonadovision/photostory/dublin day3.htm
100.09.09 09:50 A H:\new_gonadovision\photostory\dublin\index.html --> homepages.demon.co.uk /u/demon.co.uk/g/o/n/gonadovision/photostory/dublin index.html
100.09.09 09:53 B H:\new_gonadovision\photostory\dublin\derry.mid --> homepages.demon.co.uk /u/demon.co.uk/g/o/n/gonadovision/photostory/dublin derry.mid
100.09.09 10:34 B H:\new_gonadovision\photostory\dublin\dublin2.gif --> homepages.demon.co.uk /u/demon.co.uk/g/o/n/gonadovision/photostory/dublin dublin2.gif
100.09.09 10:34 A H:\new_gonadovision\photostory\dublin\index.html --> homepages.demon.co.uk /u/demon.co.uk/g/o/n/gonadovision/photostory/dublin index.html
100.09.09 10:52 B H:\new_gonadovision\photostory\dublin\cheers.gif --> homepages.demon.co.uk /u/demon.co.uk/g/o/n/gonadovision/photostory/dublin cheers.gif
100.09.09 10:53 B H:\new_gonadovision\photostory\dublin\cheers.gif --> homepages.demon.co.uk /u/demon.co.uk/g/o/n/gonadovision/photostory/dublin cheers.gif
100.09.09 10:54 B H:\new_gonadovision\photostory\dublin\tasty.gif --> homepages.demon.co.uk /u/demon.co.uk/g/o/n/gonadovision/photostory/dublin tasty.gif
100.09.09 10:55 A H:\new_gonadovision\photostory\dublin\day4.htm --> homepages.demon.co.uk /u/demon.co.uk/g/o/n/gonadovision/photostory/dublin day4.htm
100.09.09 10:56 A H:\new_gonadovision\photostory\dublin\day2.htm --> homepages.demon.co.uk /u/demon.co.uk/g/o/n/gonadovision/photostory/dublin day2.htm
100.09.09 10:56 A H:\new_gonadovision\photostory\dublin\day3.htm --> homepages.demon.co.uk /u/demon.co.uk/g/o/n/gonadovision/photostory/dublin day3.htm
100.09.09 10:56 A H:\new_gonadovision\photostory\dublin\day4.htm --> homepages.demon.co.uk /u/demon.co.uk/g/o/n/gonadovision/photostory/dublin day4.htm
100.09.11 02:30 B H:\new_gonadovision\photostory\dublin\spacer.gif --> homepages.demon.co.uk /u/demon.co.uk/g/o/n/gonadovision/photostory/dublin spacer.gif
100.09.11 02:30 B H:\new_gonadovision\photostory\dublin\wood.jpg --> homepages.demon.co.uk /u/demon.co.uk/g/o/n/gonadovision/photostory/dublin wood.jpg
100.09.11 02:31 B H:\new_gonadovision\photostory\dublin\baldas.gif --> homepages.demon.co.uk /u/demon.co.uk/g/o/n/gonadovision/photostory/dublin baldas.gif
100.09.11 02:31 A H:\new_gonadovision\photostory\dublin\day1.htm --> homepages.demon.co.uk /u/demon.co.uk/g/o/n/gonadovision/photostory/dublin day1.htm
100.09.11 02:31 A H:\new_gonadovision\photostory\dublin\day2.htm --> homepages.demon.co.uk /u/demon.co.uk/g/o/n/gonadovision/photostory/dublin day2.htm
100.09.11 02:31 A H:\new_gonadovision\photostory\dublin\day3.htm --> homepages.demon.co.uk /u/demon.co.uk/g/o/n/gonadovision/photostory/dublin day3.htm
100.09.11 02:31 A H:\new_gonadovision\photostory\dublin\day4.htm --> homepages.demon.co.uk /u/demon.co.uk/g/o/n/gonadovision/photostory/dublin day4.htm
100.09.11 02:32 A H:\new_gonadovision\photostory\dublin\index.html --> homepages.demon.co.uk /u/demon.co.uk/g/o/n/gonadovision/photostory/dublin index.html
100.09.11 02:52 B H:\new_gonadovision\photostory\dublin\dublin1.gif --> homepages.demon.co.uk /u/demon.co.uk/g/o/n/gonadovision/photostory/dublin dublin1.gif
100.09.11 02:52 B H:\new_gonadovision\photostory\dublin\dublin2.gif --> homepages.demon.co.uk /u/demon.co.uk/g/o/n/gonadovision/photostory/dublin dublin2.gif
100.09.11 02:52 A H:\new_gonadovision\photostory\dublin\index.html --> homepages.demon.co.uk /u/demon.co.uk/g/o/n/gonadovision/photostory/dublin index.html
100.09.11 03:46 B H:\new_gonadovision\photostory\dublin\baldas.gif --> homepages.demon.co.uk /u/demon.co.uk/g/o/n/gonadovision/photostory/dublin baldas.gif
100.09.15 06:38 B H:\new_gonadovision\photostory\dublin\capx460.jpg --> homepages.demon.co.uk /u/demon.co.uk/g/o/n/gonadovision/photostory/dublin capx460.jpg
100.09.15 06:38 B H:\new_gonadovision\photostory\dublin\capx461.jpg --> homepages.demon.co.uk /u/demon.co.uk/g/o/n/gonadovision/photostory/dublin capx461.jpg
100.09.15 06:38 B H:\new_gonadovision\photostory\dublin\capx462.jpg --> homepages.demon.co.uk /u/demon.co.uk/g/o/n/gonadovision/photostory/dublin capx462.jpg
100.09.15 06:39 B H:\new_gonadovision\photostory\dublin\capx475.jpg --> homepages.demon.co.uk /u/demon.co.uk/g/o/n/gonadovision/photostory/dublin capx475.jpg
100.09.15 06:39 B H:\new_gonadovision\photostory\dublin\capx481.jpg --> homepages.demon.co.uk /u/demon.co.uk/g/o/n/gonadovision/photostory/dublin capx481.jpg
100.09.15 06:39 B H:\new_gonadovision\photostory\dublin\capx487.jpg --> homepages.demon.co.uk /u/demon.co.uk/g/o/n/gonadovision/photostory/dublin capx487.jpg
100.09.15 06:39 B H:\new_gonadovision\photostory\dublin\capx488.jpg --> homepages.demon.co.uk /u/demon.co.uk/g/o/n/gonadovision/photostory/dublin capx488.jpg
100.09.15 06:40 B H:\new_gonadovision\photostory\dublin\capx491.jpg --> homepages.demon.co.uk /u/demon.co.uk/g/o/n/gonadovision/photostory/dublin capx491.jpg
100.09.15 06:40 B H:\new_gonadovision\photostory\dublin\capx493.jpg --> homepages.demon.co.uk /u/demon.co.uk/g/o/n/gonadovision/photostory/dublin capx493.jpg
100.09.15 06:40 B H:\new_gonadovision\photostory\dublin\capx502.jpg --> homepages.demon.co.uk /u/demon.co.uk/g/o/n/gonadovision/photostory/dublin capx502.jpg
100.09.15 06:41 B H:\new_gonadovision\photostory\dublin\capx535.jpg --> homepages.demon.co.uk /u/demon.co.uk/g/o/n/gonadovision/photostory/dublin capx535.jpg
100.09.15 06:41 B H:\new_gonadovision\photostory\dublin\capx540.jpg --> homepages.demon.co.uk /u/demon.co.uk/g/o/n/gonadovision/photostory/dublin capx540.jpg
100.09.15 06:41 B H:\new_gonadovision\photostory\dublin\capx543.jpg --> homepages.demon.co.uk /u/demon.co.uk/g/o/n/gonadovision/photostory/dublin capx543.jpg
100.09.15 06:42 B H:\new_gonadovision\photostory\dublin\capx545.jpg --> homepages.demon.co.uk /u/demon.co.uk/g/o/n/gonadovision/photostory/dublin capx545.jpg
100.09.15 06:42 B H:\new_gonadovision\photostory\dublin\capx564.jpg --> homepages.demon.co.uk /u/demon.co.uk/g/o/n/gonadovision/photostory/dublin capx564.jpg
100.09.15 06:42 B H:\new_gonadovision\photostory\dublin\capx565.jpg --> homepages.demon.co.uk /u/demon.co.uk/g/o/n/gonadovision/photostory/dublin capx565.jpg
100.09.15 06:43 B H:\new_gonadovision\photostory\dublin\capx570.jpg --> homepages.demon.co.uk /u/demon.co.uk/g/o/n/gonadovision/photostory/dublin capx570.jpg
100.09.15 06:43 B H:\new_gonadovision\photostory\dublin\capx573.jpg --> homepages.demon.co.uk /u/demon.co.uk/g/o/n/gonadovision/photostory/dublin capx573.jpg
100.09.15 06:43 B H:\new_gonadovision\photostory\dublin\capx580.jpg --> homepages.demon.co.uk /u/demon.co.uk/g/o/n/gonadovision/photostory/dublin capx580.jpg
100.09.15 06:43 B H:\new_gonadovision\photostory\dublin\capx589.jpg --> homepages.demon.co.uk /u/demon.co.uk/g/o/n/gonadovision/photostory/dublin capx589.jpg
100.09.15 06:43 B H:\new_gonadovision\photostory\dublin\capx597.jpg --> homepages.demon.co.uk /u/demon.co.uk/g/o/n/gonadovision/photostory/dublin capx597.jpg
100.09.15 06:43 B H:\new_gonadovision\photostory\dublin\capx601.jpg --> homepages.demon.co.uk /u/demon.co.uk/g/o/n/gonadovision/photostory/dublin capx601.jpg
100.09.15 06:44 B H:\new_gonadovision\photostory\dublin\sit.gif --> homepages.demon.co.uk /u/demon.co.uk/g/o/n/gonadovision/photostory/dublin sit.gif
100.09.15 06:45 A H:\new_gonadovision\photostory\dublin\day1.htm --> homepages.demon.co.uk /u/demon.co.uk/g/o/n/gonadovision/photostory/dublin day1.htm
100.09.15 06:45 A H:\new_gonadovision\photostory\dublin\day2.htm --> homepages.demon.co.uk /u/demon.co.uk/g/o/n/gonadovision/photostory/dublin day2.htm
100.09.15 06:45 A H:\new_gonadovision\photostory\dublin\day3.htm --> homepages.demon.co.uk /u/demon.co.uk/g/o/n/gonadovision/photostory/dublin day3.htm
100.09.15 06:45 A H:\new_gonadovision\photostory\dublin\day4.htm --> homepages.demon.co.uk /u/demon.co.uk/g/o/n/gonadovision/photostory/dublin day4.htm
100.11.12 05:07 B H:\new_gonadovision\photostory\dublin\ali.gif --> homepages.demon.co.uk /u/demon.co.uk/g/o/n/gonadovision/photostory/dublin ali.gif
100.11.12 05:07 B H:\new_gonadovision\photostory\dublin\capx360.jpg --> homepages.demon.co.uk /u/demon.co.uk/g/o/n/gonadovision/photostory/dublin capx360.jpg
100.11.12 05:07 B H:\new_gonadovision\photostory\dublin\capx362.jpg --> homepages.demon.co.uk /u/demon.co.uk/g/o/n/gonadovision/photostory/dublin capx362.jpg
100.11.12 05:08 B H:\new_gonadovision\photostory\dublin\capx368.jpg --> homepages.demon.co.uk /u/demon.co.uk/g/o/n/gonadovision/photostory/dublin capx368.jpg
100.11.12 05:08 B H:\new_gonadovision\photostory\dublin\capx369.jpg --> homepages.demon.co.uk /u/demon.co.uk/g/o/n/gonadovision/photostory/dublin capx369.jpg
100.11.12 05:08 B H:\new_gonadovision\photostory\dublin\capx370.jpg --> homepages.demon.co.uk /u/demon.co.uk/g/o/n/gonadovision/photostory/dublin capx370.jpg
100.11.12 05:08 B H:\new_gonadovision\photostory\dublin\capx371.jpg --> homepages.demon.co.uk /u/demon.co.uk/g/o/n/gonadovision/photostory/dublin capx371.jpg
100.11.12 05:08 B H:\new_gonadovision\photostory\dublin\capx374.jpg --> homepages.demon.co.uk /u/demon.co.uk/g/o/n/gonadovision/photostory/dublin capx374.jpg
100.11.12 13:35 B H:\new_gonadovision\photostory\dublin\capx380.jpg --> homepages.demon.co.uk /u/demon.co.uk/g/o/n/gonadovision/photostory/dublin capx380.jpg
100.11.12 13:35 B H:\new_gonadovision\photostory\dublin\capx386.jpg --> homepages.demon.co.uk /u/demon.co.uk/g/o/n/gonadovision/photostory/dublin capx386.jpg
100.11.12 13:35 B H:\new_gonadovision\photostory\dublin\capx389.jpg --> homepages.demon.co.uk /u/demon.co.uk/g/o/n/gonadovision/photostory/dublin capx389.jpg
100.11.12 13:35 B H:\new_gonadovision\photostory\dublin\capx400.jpg --> homepages.demon.co.uk /u/demon.co.uk/g/o/n/gonadovision/photostory/dublin capx400.jpg
100.11.12 13:36 B H:\new_gonadovision\photostory\dublin\capx402.jpg --> homepages.demon.co.uk /u/demon.co.uk/g/o/n/gonadovision/photostory/dublin capx402.jpg
100.11.12 13:36 B H:\new_gonadovision\photostory\dublin\capx407.jpg --> homepages.demon.co.uk /u/demon.co.uk/g/o/n/gonadovision/photostory/dublin capx407.jpg
100.11.12 13:36 B H:\new_gonadovision\photostory\dublin\capx410.jpg --> homepages.demon.co.uk /u/demon.co.uk/g/o/n/gonadovision/photostory/dublin capx410.jpg
100.11.12 13:36 B H:\new_gonadovision\photostory\dublin\capx413.jpg --> homepages.demon.co.uk /u/demon.co.uk/g/o/n/gonadovision/photostory/dublin capx413.jpg
100.11.12 13:37 B H:\new_gonadovision\photostory\dublin\capx414.jpg --> homepages.demon.co.uk /u/demon.co.uk/g/o/n/gonadovision/photostory/dublin capx414.jpg
100.11.12 13:37 B H:\new_gonadovision\photostory\dublin\capx423.jpg --> homepages.demon.co.uk /u/demon.co.uk/g/o/n/gonadovision/photostory/dublin capx423.jpg
100.11.12 13:37 B H:\new_gonadovision\photostory\dublin\capx428.jpg --> homepages.demon.co.uk /u/demon.co.uk/g/o/n/gonadovision/photostory/dublin capx428.jpg
100.11.12 13:37 B H:\new_gonadovision\photostory\dublin\capx429.jpg --> homepages.demon.co.uk /u/demon.co.uk/g/o/n/gonadovision/photostory/dublin capx429.jpg
100.11.12 13:38 B H:\new_gonadovision\photostory\dublin\capx430.jpg --> homepages.demon.co.uk /u/demon.co.uk/g/o/n/gonadovision/photostory/dublin capx430.jpg
100.11.12 13:38 B H:\new_gonadovision\photostory\dublin\capx434.jpg --> homepages.demon.co.uk /u/demon.co.uk/g/o/n/gonadovision/photostory/dublin capx434.jpg
100.11.12 13:38 B H:\new_gonadovision\photostory\dublin\capx435.jpg --> homepages.demon.co.uk /u/demon.co.uk/g/o/n/gonadovision/photostory/dublin capx435.jpg
100.11.12 13:38 B H:\new_gonadovision\photostory\dublin\capx437.jpg --> homepages.demon.co.uk /u/demon.co.uk/g/o/n/gonadovision/photostory/dublin capx437.jpg
100.11.12 13:38 B H:\new_gonadovision\photostory\dublin\capx439.jpg --> homepages.demon.co.uk /u/demon.co.uk/g/o/n/gonadovision/photostory/dublin capx439.jpg
100.11.12 13:39 B H:\new_gonadovision\photostory\dublin\capx442.jpg --> homepages.demon.co.uk /u/demon.co.uk/g/o/n/gonadovision/photostory/dublin capx442.jpg
100.11.12 13:46 B H:\new_gonadovision\photostory\dublin\capx444.jpg --> homepages.demon.co.uk /u/demon.co.uk/g/o/n/gonadovision/photostory/dublin capx444.jpg
100.11.12 13:46 B H:\new_gonadovision\photostory\dublin\capx449.jpg --> homepages.demon.co.uk /u/demon.co.uk/g/o/n/gonadovision/photostory/dublin capx449.jpg
100.11.12 13:47 B H:\new_gonadovision\photostory\dublin\capx451.jpg --> homepages.demon.co.uk /u/demon.co.uk/g/o/n/gonadovision/photostory/dublin capx451.jpg
100.11.12 13:47 B H:\new_gonadovision\photostory\dublin\capx452.jpg --> homepages.demon.co.uk /u/demon.co.uk/g/o/n/gonadovision/photostory/dublin capx452.jpg
100.11.12 13:47 B H:\new_gonadovision\photostory\dublin\capx453.jpg --> homepages.demon.co.uk /u/demon.co.uk/g/o/n/gonadovision/photostory/dublin capx453.jpg
100.11.12 13:47 B H:\new_gonadovision\photostory\dublin\capx455.jpg --> homepages.demon.co.uk /u/demon.co.uk/g/o/n/gonadovision/photostory/dublin capx455.jpg
100.11.12 13:48 B H:\new_gonadovision\photostory\dublin\capx458.jpg --> homepages.demon.co.uk /u/demon.co.uk/g/o/n/gonadovision/photostory/dublin capx458.jpg
100.11.12 13:48 B H:\new_gonadovision\photostory\dublin\capx483.jpg --> homepages.demon.co.uk /u/demon.co.uk/g/o/n/gonadovision/photostory/dublin capx483.jpg
100.11.12 13:49 B H:\new_gonadovision\photostory\dublin\capx513.jpg --> homepages.demon.co.uk /u/demon.co.uk/g/o/n/gonadovision/photostory/dublin capx513.jpg
100.11.12 13:50 B H:\new_gonadovision\photostory\dublin\capx516.jpg --> homepages.demon.co.uk /u/demon.co.uk/g/o/n/gonadovision/photostory/dublin capx516.jpg
100.11.12 13:50 B H:\new_gonadovision\photostory\dublin\capx516a.jpg --> homepages.demon.co.uk /u/demon.co.uk/g/o/n/gonadovision/photostory/dublin capx516a.jpg
100.11.12 13:50 B H:\new_gonadovision\photostory\dublin\capx519.jpg --> homepages.demon.co.uk /u/demon.co.uk/g/o/n/gonadovision/photostory/dublin capx519.jpg
100.11.12 13:51 B H:\new_gonadovision\photostory\dublin\capx503.jpg --> homepages.demon.co.uk /u/demon.co.uk/g/o/n/gonadovision/photostory/dublin capx503.jpg
100.11.12 13:52 B H:\new_gonadovision\photostory\dublin\capx563.jpg --> homepages.demon.co.uk /u/demon.co.uk/g/o/n/gonadovision/photostory/dublin capx563.jpg
100.11.12 13:52 B H:\new_gonadovision\photostory\dublin\capx583.jpg --> homepages.demon.co.uk /u/demon.co.uk/g/o/n/gonadovision/photostory/dublin capx583.jpg
100.11.12 13:53 A H:\new_gonadovision\photostory\dublin\day2.htm --> homepages.demon.co.uk /u/demon.co.uk/g/o/n/gonadovision/photostory/dublin day2.htm
100.11.12 13:53 A H:\new_gonadovision\photostory\dublin\day3.htm --> homepages.demon.co.uk /u/demon.co.uk/g/o/n/gonadovision/photostory/dublin day3.htm
100.11.12 13:53 A H:\new_gonadovision\photostory\dublin\day4.htm --> homepages.demon.co.uk /u/demon.co.uk/g/o/n/gonadovision/photostory/dublin day4.htm
100.11.12 13:53 A H:\new_gonadovision\photostory\dublin\index.html --> homepages.demon.co.uk /u/demon.co.uk/g/o/n/gonadovision/photostory/dublin index.html
100.11.12 14:05 B H:\new_gonadovision\photostory\dublin\capx379.jpg --> homepages.demon.co.uk /u/demon.co.uk/g/o/n/gonadovision/photostory/dublin capx379.jpg
100.11.12 14:07 B H:\new_gonadovision\photostory\dublin\capx465.jpg --> homepages.demon.co.uk /u/demon.co.uk/g/o/n/gonadovision/photostory/dublin capx465.jpg
