1999.10.25 02:43 B E:\murdermystery\murder\capx1.jpg --> homepages.demon.co.uk /u/demon.co.uk/g/o/n/gonadovision/murder capx1.jpg
1999.10.25 02:43 B E:\murdermystery\murder\capx10.jpg --> homepages.demon.co.uk /u/demon.co.uk/g/o/n/gonadovision/murder capx10.jpg
1999.10.25 02:44 B E:\murdermystery\murder\capx100.jpg --> homepages.demon.co.uk /u/demon.co.uk/g/o/n/gonadovision/murder capx100.jpg
1999.10.25 02:44 B E:\murdermystery\murder\capx101.jpg --> homepages.demon.co.uk /u/demon.co.uk/g/o/n/gonadovision/murder capx101.jpg
1999.10.25 02:44 B E:\murdermystery\murder\capx103.jpg --> homepages.demon.co.uk /u/demon.co.uk/g/o/n/gonadovision/murder capx103.jpg
1999.10.25 02:44 B E:\murdermystery\murder\capx104.jpg --> homepages.demon.co.uk /u/demon.co.uk/g/o/n/gonadovision/murder capx104.jpg
1999.10.25 02:44 B E:\murdermystery\murder\capx105.jpg --> homepages.demon.co.uk /u/demon.co.uk/g/o/n/gonadovision/murder capx105.jpg
1999.10.25 02:44 B E:\murdermystery\murder\capx107.jpg --> homepages.demon.co.uk /u/demon.co.uk/g/o/n/gonadovision/murder capx107.jpg
1999.10.25 02:44 B E:\murdermystery\murder\capx108.jpg --> homepages.demon.co.uk /u/demon.co.uk/g/o/n/gonadovision/murder capx108.jpg
1999.10.25 02:44 B E:\murdermystery\murder\capx109.jpg --> homepages.demon.co.uk /u/demon.co.uk/g/o/n/gonadovision/murder capx109.jpg
1999.10.25 02:44 B E:\murdermystery\murder\capx11.jpg --> homepages.demon.co.uk /u/demon.co.uk/g/o/n/gonadovision/murder capx11.jpg
1999.10.25 02:45 B E:\murdermystery\murder\capx110.jpg --> homepages.demon.co.uk /u/demon.co.uk/g/o/n/gonadovision/murder capx110.jpg
1999.10.25 02:45 B E:\murdermystery\murder\capx111.jpg --> homepages.demon.co.uk /u/demon.co.uk/g/o/n/gonadovision/murder capx111.jpg
1999.10.25 02:45 B E:\murdermystery\murder\capx112.jpg --> homepages.demon.co.uk /u/demon.co.uk/g/o/n/gonadovision/murder capx112.jpg
1999.10.25 02:45 B E:\murdermystery\murder\capx113.jpg --> homepages.demon.co.uk /u/demon.co.uk/g/o/n/gonadovision/murder capx113.jpg
1999.10.25 02:45 B E:\murdermystery\murder\capx114.jpg --> homepages.demon.co.uk /u/demon.co.uk/g/o/n/gonadovision/murder capx114.jpg
1999.10.25 02:45 B E:\murdermystery\murder\capx12.jpg --> homepages.demon.co.uk /u/demon.co.uk/g/o/n/gonadovision/murder capx12.jpg
1999.10.25 02:45 B E:\murdermystery\murder\capx13.jpg --> homepages.demon.co.uk /u/demon.co.uk/g/o/n/gonadovision/murder capx13.jpg
1999.10.25 02:45 B E:\murdermystery\murder\capx14.jpg --> homepages.demon.co.uk /u/demon.co.uk/g/o/n/gonadovision/murder capx14.jpg
1999.10.25 02:45 B E:\murdermystery\murder\capx15.jpg --> homepages.demon.co.uk /u/demon.co.uk/g/o/n/gonadovision/murder capx15.jpg
1999.10.25 02:45 B E:\murdermystery\murder\capx16.jpg --> homepages.demon.co.uk /u/demon.co.uk/g/o/n/gonadovision/murder capx16.jpg
1999.10.25 02:46 B E:\murdermystery\murder\capx17.jpg --> homepages.demon.co.uk /u/demon.co.uk/g/o/n/gonadovision/murder capx17.jpg
1999.10.25 02:46 B E:\murdermystery\murder\capx19.jpg --> homepages.demon.co.uk /u/demon.co.uk/g/o/n/gonadovision/murder capx19.jpg
1999.10.25 02:46 B E:\murdermystery\murder\capx2.jpg --> homepages.demon.co.uk /u/demon.co.uk/g/o/n/gonadovision/murder capx2.jpg
1999.10.25 02:46 B E:\murdermystery\murder\capx21.jpg --> homepages.demon.co.uk /u/demon.co.uk/g/o/n/gonadovision/murder capx21.jpg
1999.10.25 02:46 B E:\murdermystery\murder\capx23.jpg --> homepages.demon.co.uk /u/demon.co.uk/g/o/n/gonadovision/murder capx23.jpg
1999.10.25 02:46 B E:\murdermystery\murder\capx24.jpg --> homepages.demon.co.uk /u/demon.co.uk/g/o/n/gonadovision/murder capx24.jpg
1999.10.25 02:46 B E:\murdermystery\murder\capx25.jpg --> homepages.demon.co.uk /u/demon.co.uk/g/o/n/gonadovision/murder capx25.jpg
1999.10.25 02:46 B E:\murdermystery\murder\capx26.jpg --> homepages.demon.co.uk /u/demon.co.uk/g/o/n/gonadovision/murder capx26.jpg
1999.10.25 02:46 B E:\murdermystery\murder\capx27.jpg --> homepages.demon.co.uk /u/demon.co.uk/g/o/n/gonadovision/murder capx27.jpg
1999.10.25 02:47 B E:\murdermystery\murder\capx29.jpg --> homepages.demon.co.uk /u/demon.co.uk/g/o/n/gonadovision/murder capx29.jpg
1999.10.25 02:47 B E:\murdermystery\murder\capx30.jpg --> homepages.demon.co.uk /u/demon.co.uk/g/o/n/gonadovision/murder capx30.jpg
1999.10.25 02:47 B E:\murdermystery\murder\capx31.jpg --> homepages.demon.co.uk /u/demon.co.uk/g/o/n/gonadovision/murder capx31.jpg
1999.10.25 02:47 B E:\murdermystery\murder\capx32.jpg --> homepages.demon.co.uk /u/demon.co.uk/g/o/n/gonadovision/murder capx32.jpg
1999.10.25 02:47 B E:\murdermystery\murder\capx33.jpg --> homepages.demon.co.uk /u/demon.co.uk/g/o/n/gonadovision/murder capx33.jpg
1999.10.25 02:47 B E:\murdermystery\murder\capx34.jpg --> homepages.demon.co.uk /u/demon.co.uk/g/o/n/gonadovision/murder capx34.jpg
1999.10.25 02:47 B E:\murdermystery\murder\capx35.jpg --> homepages.demon.co.uk /u/demon.co.uk/g/o/n/gonadovision/murder capx35.jpg
1999.10.25 02:47 B E:\murdermystery\murder\capx36.jpg --> homepages.demon.co.uk /u/demon.co.uk/g/o/n/gonadovision/murder capx36.jpg
1999.10.25 02:47 B E:\murdermystery\murder\capx37.jpg --> homepages.demon.co.uk /u/demon.co.uk/g/o/n/gonadovision/murder capx37.jpg
1999.10.25 02:47 B E:\murdermystery\murder\capx38.jpg --> homepages.demon.co.uk /u/demon.co.uk/g/o/n/gonadovision/murder capx38.jpg
1999.10.25 02:48 B E:\murdermystery\murder\capx39.jpg --> homepages.demon.co.uk /u/demon.co.uk/g/o/n/gonadovision/murder capx39.jpg
1999.10.25 02:48 B E:\murdermystery\murder\capx4.jpg --> homepages.demon.co.uk /u/demon.co.uk/g/o/n/gonadovision/murder capx4.jpg
1999.10.25 02:48 B E:\murdermystery\murder\capx41.jpg --> homepages.demon.co.uk /u/demon.co.uk/g/o/n/gonadovision/murder capx41.jpg
1999.10.25 02:48 B E:\murdermystery\murder\capx43.jpg --> homepages.demon.co.uk /u/demon.co.uk/g/o/n/gonadovision/murder capx43.jpg
1999.10.25 02:48 B E:\murdermystery\murder\capx45.jpg --> homepages.demon.co.uk /u/demon.co.uk/g/o/n/gonadovision/murder capx45.jpg
1999.10.25 02:48 B E:\murdermystery\murder\capx46.jpg --> homepages.demon.co.uk /u/demon.co.uk/g/o/n/gonadovision/murder capx46.jpg
1999.10.25 02:48 B E:\murdermystery\murder\capx47.jpg --> homepages.demon.co.uk /u/demon.co.uk/g/o/n/gonadovision/murder capx47.jpg
1999.10.25 02:48 B E:\murdermystery\murder\capx48.jpg --> homepages.demon.co.uk /u/demon.co.uk/g/o/n/gonadovision/murder capx48.jpg
1999.10.25 02:49 B E:\murdermystery\murder\capx49.jpg --> homepages.demon.co.uk /u/demon.co.uk/g/o/n/gonadovision/murder capx49.jpg
1999.10.25 02:49 B E:\murdermystery\murder\capx5.jpg --> homepages.demon.co.uk /u/demon.co.uk/g/o/n/gonadovision/murder capx5.jpg
1999.10.25 02:49 B E:\murdermystery\murder\capx50.jpg --> homepages.demon.co.uk /u/demon.co.uk/g/o/n/gonadovision/murder capx50.jpg
1999.10.25 02:49 B E:\murdermystery\murder\capx53.jpg --> homepages.demon.co.uk /u/demon.co.uk/g/o/n/gonadovision/murder capx53.jpg
1999.10.25 02:49 B E:\murdermystery\murder\capx55.jpg --> homepages.demon.co.uk /u/demon.co.uk/g/o/n/gonadovision/murder capx55.jpg
1999.10.25 02:49 B E:\murdermystery\murder\capx56.jpg --> homepages.demon.co.uk /u/demon.co.uk/g/o/n/gonadovision/murder capx56.jpg
1999.10.25 02:49 B E:\murdermystery\murder\capx57.jpg --> homepages.demon.co.uk /u/demon.co.uk/g/o/n/gonadovision/murder capx57.jpg
1999.10.25 02:49 B E:\murdermystery\murder\capx59.jpg --> homepages.demon.co.uk /u/demon.co.uk/g/o/n/gonadovision/murder capx59.jpg
1999.10.25 02:49 B E:\murdermystery\murder\capx6.jpg --> homepages.demon.co.uk /u/demon.co.uk/g/o/n/gonadovision/murder capx6.jpg
1999.10.25 02:49 B E:\murdermystery\murder\capx60.jpg --> homepages.demon.co.uk /u/demon.co.uk/g/o/n/gonadovision/murder capx60.jpg
1999.10.25 02:50 B E:\murdermystery\murder\capx61.jpg --> homepages.demon.co.uk /u/demon.co.uk/g/o/n/gonadovision/murder capx61.jpg
1999.10.25 02:50 B E:\murdermystery\murder\capx62.jpg --> homepages.demon.co.uk /u/demon.co.uk/g/o/n/gonadovision/murder capx62.jpg
1999.10.25 02:50 B E:\murdermystery\murder\capx63.jpg --> homepages.demon.co.uk /u/demon.co.uk/g/o/n/gonadovision/murder capx63.jpg
1999.10.25 02:50 B E:\murdermystery\murder\capx64.jpg --> homepages.demon.co.uk /u/demon.co.uk/g/o/n/gonadovision/murder capx64.jpg
1999.10.25 02:50 B E:\murdermystery\murder\capx65.jpg --> homepages.demon.co.uk /u/demon.co.uk/g/o/n/gonadovision/murder capx65.jpg
1999.10.25 02:50 B E:\murdermystery\murder\capx69.jpg --> homepages.demon.co.uk /u/demon.co.uk/g/o/n/gonadovision/murder capx69.jpg
1999.10.25 02:50 B E:\murdermystery\murder\capx71.jpg --> homepages.demon.co.uk /u/demon.co.uk/g/o/n/gonadovision/murder capx71.jpg
1999.10.25 02:50 B E:\murdermystery\murder\capx72.jpg --> homepages.demon.co.uk /u/demon.co.uk/g/o/n/gonadovision/murder capx72.jpg
1999.10.25 02:50 B E:\murdermystery\murder\capx75.jpg --> homepages.demon.co.uk /u/demon.co.uk/g/o/n/gonadovision/murder capx75.jpg
1999.10.25 02:51 B E:\murdermystery\murder\capx78.jpg --> homepages.demon.co.uk /u/demon.co.uk/g/o/n/gonadovision/murder capx78.jpg
1999.10.25 02:51 B E:\murdermystery\murder\capx79.jpg --> homepages.demon.co.uk /u/demon.co.uk/g/o/n/gonadovision/murder capx79.jpg
1999.10.25 02:51 B E:\murdermystery\murder\capx8.jpg --> homepages.demon.co.uk /u/demon.co.uk/g/o/n/gonadovision/murder capx8.jpg
1999.10.25 02:51 B E:\murdermystery\murder\capx80.jpg --> homepages.demon.co.uk /u/demon.co.uk/g/o/n/gonadovision/murder capx80.jpg
1999.10.25 02:51 B E:\murdermystery\murder\capx82.jpg --> homepages.demon.co.uk /u/demon.co.uk/g/o/n/gonadovision/murder capx82.jpg
1999.10.25 02:51 B E:\murdermystery\murder\capx84.jpg --> homepages.demon.co.uk /u/demon.co.uk/g/o/n/gonadovision/murder capx84.jpg
1999.10.25 02:51 B E:\murdermystery\murder\capx85.jpg --> homepages.demon.co.uk /u/demon.co.uk/g/o/n/gonadovision/murder capx85.jpg
1999.10.25 02:52 B E:\murdermystery\murder\capx86.jpg --> homepages.demon.co.uk /u/demon.co.uk/g/o/n/gonadovision/murder capx86.jpg
1999.10.25 02:52 B E:\murdermystery\murder\capx87.jpg --> homepages.demon.co.uk /u/demon.co.uk/g/o/n/gonadovision/murder capx87.jpg
1999.10.25 02:52 B E:\murdermystery\murder\capx88.jpg --> homepages.demon.co.uk /u/demon.co.uk/g/o/n/gonadovision/murder capx88.jpg
1999.10.25 02:52 B E:\murdermystery\murder\capx89.jpg --> homepages.demon.co.uk /u/demon.co.uk/g/o/n/gonadovision/murder capx89.jpg
1999.10.25 02:52 B E:\murdermystery\murder\capx9.jpg --> homepages.demon.co.uk /u/demon.co.uk/g/o/n/gonadovision/murder capx9.jpg
1999.10.25 02:52 B E:\murdermystery\murder\capx90.jpg --> homepages.demon.co.uk /u/demon.co.uk/g/o/n/gonadovision/murder capx90.jpg
1999.10.25 02:52 B E:\murdermystery\murder\capx91.jpg --> homepages.demon.co.uk /u/demon.co.uk/g/o/n/gonadovision/murder capx91.jpg
1999.10.25 02:52 B E:\murdermystery\murder\capx92.jpg --> homepages.demon.co.uk /u/demon.co.uk/g/o/n/gonadovision/murder capx92.jpg
1999.10.25 02:54 B E:\murdermystery\murder\capx93.jpg --> homepages.demon.co.uk /u/demon.co.uk/g/o/n/gonadovision/murder capx93.jpg
1999.10.25 02:54 B E:\murdermystery\murder\capx95.jpg --> homepages.demon.co.uk /u/demon.co.uk/g/o/n/gonadovision/murder capx95.jpg
1999.10.25 02:54 B E:\murdermystery\murder\capx97.jpg --> homepages.demon.co.uk /u/demon.co.uk/g/o/n/gonadovision/murder capx97.jpg
1999.10.25 02:54 B E:\murdermystery\murder\capx98.jpg --> homepages.demon.co.uk /u/demon.co.uk/g/o/n/gonadovision/murder capx98.jpg
1999.10.25 02:55 B E:\murdermystery\murder\capx99.jpg --> homepages.demon.co.uk /u/demon.co.uk/g/o/n/gonadovision/murder capx99.jpg
1999.10.25 02:55 A E:\murdermystery\murder\index.html --> homepages.demon.co.uk /u/demon.co.uk/g/o/n/gonadovision/murder index.html
1999.10.25 02:55 A E:\murdermystery\murder\mmpage1.htm --> homepages.demon.co.uk /u/demon.co.uk/g/o/n/gonadovision/murder mmpage1.htm
1999.10.25 02:55 A E:\murdermystery\murder\mmpage2.htm --> homepages.demon.co.uk /u/demon.co.uk/g/o/n/gonadovision/murder mmpage2.htm
1999.10.25 02:55 A E:\murdermystery\murder\mmpage3.htm --> homepages.demon.co.uk /u/demon.co.uk/g/o/n/gonadovision/murder mmpage3.htm
1999.10.25 02:55 A E:\murdermystery\murder\mmpage4.htm --> homepages.demon.co.uk /u/demon.co.uk/g/o/n/gonadovision/murder mmpage4.htm
1999.10.25 02:55 A E:\murdermystery\murder\mmparty.html --> homepages.demon.co.uk /u/demon.co.uk/g/o/n/gonadovision/murder mmparty.html
1999.10.27 03:40 B E:\Gonadohom\murder\back.jpg --> homepages.demon.co.uk /u/demon.co.uk/g/o/n/gonadovision/murder back.jpg
1999.10.27 03:40 A E:\Gonadohom\murder\index.html --> homepages.demon.co.uk /u/demon.co.uk/g/o/n/gonadovision/murder index.html
1999.10.27 03:40 A E:\Gonadohom\murder\mmpage1.htm --> homepages.demon.co.uk /u/demon.co.uk/g/o/n/gonadovision/murder mmpage1.htm
1999.10.27 03:40 A E:\Gonadohom\murder\mmpage2.htm --> homepages.demon.co.uk /u/demon.co.uk/g/o/n/gonadovision/murder mmpage2.htm
1999.10.27 03:40 A E:\Gonadohom\murder\mmpage3.htm --> homepages.demon.co.uk /u/demon.co.uk/g/o/n/gonadovision/murder mmpage3.htm
1999.10.27 03:40 A E:\Gonadohom\murder\mmpage4.htm --> homepages.demon.co.uk /u/demon.co.uk/g/o/n/gonadovision/murder mmpage4.htm
1999.10.27 03:40 A E:\Gonadohom\murder\mmparty.html --> homepages.demon.co.uk /u/demon.co.uk/g/o/n/gonadovision/murder mmparty.html
1999.10.28 02:10 B E:\Gonadohom\photostory\murder\back.jpg --> homepages.demon.co.uk /u/demon.co.uk/g/o/n/gonadovision/photostory/murder back.jpg
1999.10.28 02:11 B E:\Gonadohom\photostory\murder\capx1.jpg --> homepages.demon.co.uk /u/demon.co.uk/g/o/n/gonadovision/photostory/murder capx1.jpg
1999.10.28 02:11 B E:\Gonadohom\photostory\murder\capx10.jpg --> homepages.demon.co.uk /u/demon.co.uk/g/o/n/gonadovision/photostory/murder capx10.jpg
1999.10.28 02:11 B E:\Gonadohom\photostory\murder\capx100.jpg --> homepages.demon.co.uk /u/demon.co.uk/g/o/n/gonadovision/photostory/murder capx100.jpg
1999.10.28 02:11 B E:\Gonadohom\photostory\murder\capx101.jpg --> homepages.demon.co.uk /u/demon.co.uk/g/o/n/gonadovision/photostory/murder capx101.jpg
1999.10.28 02:11 B E:\Gonadohom\photostory\murder\capx103.jpg --> homepages.demon.co.uk /u/demon.co.uk/g/o/n/gonadovision/photostory/murder capx103.jpg
1999.10.28 02:11 B E:\Gonadohom\photostory\murder\capx104.jpg --> homepages.demon.co.uk /u/demon.co.uk/g/o/n/gonadovision/photostory/murder capx104.jpg
1999.10.28 02:11 B E:\Gonadohom\photostory\murder\capx105.jpg --> homepages.demon.co.uk /u/demon.co.uk/g/o/n/gonadovision/photostory/murder capx105.jpg
1999.10.28 02:11 B E:\Gonadohom\photostory\murder\capx107.jpg --> homepages.demon.co.uk /u/demon.co.uk/g/o/n/gonadovision/photostory/murder capx107.jpg
1999.10.28 02:11 B E:\Gonadohom\photostory\murder\capx108.jpg --> homepages.demon.co.uk /u/demon.co.uk/g/o/n/gonadovision/photostory/murder capx108.jpg
1999.10.28 02:11 B E:\Gonadohom\photostory\murder\capx109.jpg --> homepages.demon.co.uk /u/demon.co.uk/g/o/n/gonadovision/photostory/murder capx109.jpg
1999.10.28 02:12 B E:\Gonadohom\photostory\murder\capx11.jpg --> homepages.demon.co.uk /u/demon.co.uk/g/o/n/gonadovision/photostory/murder capx11.jpg
1999.10.28 02:12 B E:\Gonadohom\photostory\murder\capx110.jpg --> homepages.demon.co.uk /u/demon.co.uk/g/o/n/gonadovision/photostory/murder capx110.jpg
1999.10.28 02:12 B E:\Gonadohom\photostory\murder\capx111.jpg --> homepages.demon.co.uk /u/demon.co.uk/g/o/n/gonadovision/photostory/murder capx111.jpg
1999.10.28 02:12 B E:\Gonadohom\photostory\murder\capx112.jpg --> homepages.demon.co.uk /u/demon.co.uk/g/o/n/gonadovision/photostory/murder capx112.jpg
1999.10.28 02:12 B E:\Gonadohom\photostory\murder\capx113.jpg --> homepages.demon.co.uk /u/demon.co.uk/g/o/n/gonadovision/photostory/murder capx113.jpg
1999.10.28 02:12 B E:\Gonadohom\photostory\murder\capx114.jpg --> homepages.demon.co.uk /u/demon.co.uk/g/o/n/gonadovision/photostory/murder capx114.jpg
1999.10.28 02:12 B E:\Gonadohom\photostory\murder\capx12.jpg --> homepages.demon.co.uk /u/demon.co.uk/g/o/n/gonadovision/photostory/murder capx12.jpg
1999.10.28 02:12 B E:\Gonadohom\photostory\murder\capx13.jpg --> homepages.demon.co.uk /u/demon.co.uk/g/o/n/gonadovision/photostory/murder capx13.jpg
1999.10.28 02:12 B E:\Gonadohom\photostory\murder\capx14.jpg --> homepages.demon.co.uk /u/demon.co.uk/g/o/n/gonadovision/photostory/murder capx14.jpg
1999.10.28 02:12 B E:\Gonadohom\photostory\murder\capx15.jpg --> homepages.demon.co.uk /u/demon.co.uk/g/o/n/gonadovision/photostory/murder capx15.jpg
1999.10.28 02:13 B E:\Gonadohom\photostory\murder\capx16.jpg --> homepages.demon.co.uk /u/demon.co.uk/g/o/n/gonadovision/photostory/murder capx16.jpg
1999.10.28 02:13 B E:\Gonadohom\photostory\murder\capx17.jpg --> homepages.demon.co.uk /u/demon.co.uk/g/o/n/gonadovision/photostory/murder capx17.jpg
1999.10.28 02:13 B E:\Gonadohom\photostory\murder\capx19.jpg --> homepages.demon.co.uk /u/demon.co.uk/g/o/n/gonadovision/photostory/murder capx19.jpg
1999.10.28 02:13 B E:\Gonadohom\photostory\murder\capx2.jpg --> homepages.demon.co.uk /u/demon.co.uk/g/o/n/gonadovision/photostory/murder capx2.jpg
1999.10.28 02:13 B E:\Gonadohom\photostory\murder\capx21.jpg --> homepages.demon.co.uk /u/demon.co.uk/g/o/n/gonadovision/photostory/murder capx21.jpg
1999.10.28 02:13 B E:\Gonadohom\photostory\murder\capx23.jpg --> homepages.demon.co.uk /u/demon.co.uk/g/o/n/gonadovision/photostory/murder capx23.jpg
1999.10.28 02:13 B E:\Gonadohom\photostory\murder\capx24.jpg --> homepages.demon.co.uk /u/demon.co.uk/g/o/n/gonadovision/photostory/murder capx24.jpg
1999.10.28 02:13 B E:\Gonadohom\photostory\murder\capx25.jpg --> homepages.demon.co.uk /u/demon.co.uk/g/o/n/gonadovision/photostory/murder capx25.jpg
1999.10.28 02:14 B E:\Gonadohom\photostory\murder\capx26.jpg --> homepages.demon.co.uk /u/demon.co.uk/g/o/n/gonadovision/photostory/murder capx26.jpg
1999.10.28 02:14 B E:\Gonadohom\photostory\murder\capx27.jpg --> homepages.demon.co.uk /u/demon.co.uk/g/o/n/gonadovision/photostory/murder capx27.jpg
1999.10.28 02:14 B E:\Gonadohom\photostory\murder\capx29.jpg --> homepages.demon.co.uk /u/demon.co.uk/g/o/n/gonadovision/photostory/murder capx29.jpg
1999.10.28 02:14 B E:\Gonadohom\photostory\murder\capx30.jpg --> homepages.demon.co.uk /u/demon.co.uk/g/o/n/gonadovision/photostory/murder capx30.jpg
1999.10.28 02:14 B E:\Gonadohom\photostory\murder\capx31.jpg --> homepages.demon.co.uk /u/demon.co.uk/g/o/n/gonadovision/photostory/murder capx31.jpg
1999.10.28 02:14 B E:\Gonadohom\photostory\murder\capx32.jpg --> homepages.demon.co.uk /u/demon.co.uk/g/o/n/gonadovision/photostory/murder capx32.jpg
1999.10.28 02:14 B E:\Gonadohom\photostory\murder\capx33.jpg --> homepages.demon.co.uk /u/demon.co.uk/g/o/n/gonadovision/photostory/murder capx33.jpg
1999.10.28 02:14 B E:\Gonadohom\photostory\murder\capx34.jpg --> homepages.demon.co.uk /u/demon.co.uk/g/o/n/gonadovision/photostory/murder capx34.jpg
1999.10.28 02:14 B E:\Gonadohom\photostory\murder\capx35.jpg --> homepages.demon.co.uk /u/demon.co.uk/g/o/n/gonadovision/photostory/murder capx35.jpg
1999.10.28 02:15 B E:\Gonadohom\photostory\murder\capx36.jpg --> homepages.demon.co.uk /u/demon.co.uk/g/o/n/gonadovision/photostory/murder capx36.jpg
1999.10.28 02:15 B E:\Gonadohom\photostory\murder\capx37.jpg --> homepages.demon.co.uk /u/demon.co.uk/g/o/n/gonadovision/photostory/murder capx37.jpg
1999.10.28 02:22 B E:\Gonadohom\photostory\murder\back.jpg --> homepages.demon.co.uk /u/demon.co.uk/g/o/n/gonadovision/photostory/murder back.jpg
1999.10.28 02:22 B E:\Gonadohom\photostory\murder\capx1.jpg --> homepages.demon.co.uk /u/demon.co.uk/g/o/n/gonadovision/photostory/murder capx1.jpg
1999.10.28 02:22 B E:\Gonadohom\photostory\murder\capx10.jpg --> homepages.demon.co.uk /u/demon.co.uk/g/o/n/gonadovision/photostory/murder capx10.jpg
1999.10.28 02:22 B E:\Gonadohom\photostory\murder\capx100.jpg --> homepages.demon.co.uk /u/demon.co.uk/g/o/n/gonadovision/photostory/murder capx100.jpg
1999.10.28 02:22 B E:\Gonadohom\photostory\murder\capx101.jpg --> homepages.demon.co.uk /u/demon.co.uk/g/o/n/gonadovision/photostory/murder capx101.jpg
1999.10.28 02:22 B E:\Gonadohom\photostory\murder\capx103.jpg --> homepages.demon.co.uk /u/demon.co.uk/g/o/n/gonadovision/photostory/murder capx103.jpg
1999.10.28 02:22 B E:\Gonadohom\photostory\murder\capx104.jpg --> homepages.demon.co.uk /u/demon.co.uk/g/o/n/gonadovision/photostory/murder capx104.jpg
1999.10.28 02:22 B E:\Gonadohom\photostory\murder\capx105.jpg --> homepages.demon.co.uk /u/demon.co.uk/g/o/n/gonadovision/photostory/murder capx105.jpg
1999.10.28 02:23 B E:\Gonadohom\photostory\murder\capx107.jpg --> homepages.demon.co.uk /u/demon.co.uk/g/o/n/gonadovision/photostory/murder capx107.jpg
1999.10.28 02:23 B E:\Gonadohom\photostory\murder\capx108.jpg --> homepages.demon.co.uk /u/demon.co.uk/g/o/n/gonadovision/photostory/murder capx108.jpg
1999.10.28 02:23 B E:\Gonadohom\photostory\murder\capx109.jpg --> homepages.demon.co.uk /u/demon.co.uk/g/o/n/gonadovision/photostory/murder capx109.jpg
1999.10.28 02:23 B E:\Gonadohom\photostory\murder\capx11.jpg --> homepages.demon.co.uk /u/demon.co.uk/g/o/n/gonadovision/photostory/murder capx11.jpg
1999.10.28 02:23 B E:\Gonadohom\photostory\murder\capx110.jpg --> homepages.demon.co.uk /u/demon.co.uk/g/o/n/gonadovision/photostory/murder capx110.jpg
1999.10.28 02:23 B E:\Gonadohom\photostory\murder\capx111.jpg --> homepages.demon.co.uk /u/demon.co.uk/g/o/n/gonadovision/photostory/murder capx111.jpg
1999.10.28 02:23 B E:\Gonadohom\photostory\murder\capx112.jpg --> homepages.demon.co.uk /u/demon.co.uk/g/o/n/gonadovision/photostory/murder capx112.jpg
1999.10.28 02:23 B E:\Gonadohom\photostory\murder\capx113.jpg --> homepages.demon.co.uk /u/demon.co.uk/g/o/n/gonadovision/photostory/murder capx113.jpg
1999.10.28 02:23 B E:\Gonadohom\photostory\murder\capx114.jpg --> homepages.demon.co.uk /u/demon.co.uk/g/o/n/gonadovision/photostory/murder capx114.jpg
1999.10.28 02:24 B E:\Gonadohom\photostory\murder\capx12.jpg --> homepages.demon.co.uk /u/demon.co.uk/g/o/n/gonadovision/photostory/murder capx12.jpg
1999.10.28 02:24 B E:\Gonadohom\photostory\murder\capx13.jpg --> homepages.demon.co.uk /u/demon.co.uk/g/o/n/gonadovision/photostory/murder capx13.jpg
1999.10.28 02:24 B E:\Gonadohom\photostory\murder\capx14.jpg --> homepages.demon.co.uk /u/demon.co.uk/g/o/n/gonadovision/photostory/murder capx14.jpg
1999.10.28 02:24 B E:\Gonadohom\photostory\murder\capx15.jpg --> homepages.demon.co.uk /u/demon.co.uk/g/o/n/gonadovision/photostory/murder capx15.jpg
1999.10.28 02:24 B E:\Gonadohom\photostory\murder\capx16.jpg --> homepages.demon.co.uk /u/demon.co.uk/g/o/n/gonadovision/photostory/murder capx16.jpg
1999.10.28 02:24 B E:\Gonadohom\photostory\murder\capx17.jpg --> homepages.demon.co.uk /u/demon.co.uk/g/o/n/gonadovision/photostory/murder capx17.jpg
1999.10.28 02:24 B E:\Gonadohom\photostory\murder\capx19.jpg --> homepages.demon.co.uk /u/demon.co.uk/g/o/n/gonadovision/photostory/murder capx19.jpg
1999.10.28 02:24 B E:\Gonadohom\photostory\murder\capx2.jpg --> homepages.demon.co.uk /u/demon.co.uk/g/o/n/gonadovision/photostory/murder capx2.jpg
1999.10.28 02:24 B E:\Gonadohom\photostory\murder\capx21.jpg --> homepages.demon.co.uk /u/demon.co.uk/g/o/n/gonadovision/photostory/murder capx21.jpg
1999.10.28 02:25 B E:\Gonadohom\photostory\murder\capx23.jpg --> homepages.demon.co.uk /u/demon.co.uk/g/o/n/gonadovision/photostory/murder capx23.jpg
1999.10.28 02:25 B E:\Gonadohom\photostory\murder\capx24.jpg --> homepages.demon.co.uk /u/demon.co.uk/g/o/n/gonadovision/photostory/murder capx24.jpg
1999.10.28 02:25 B E:\Gonadohom\photostory\murder\capx25.jpg --> homepages.demon.co.uk /u/demon.co.uk/g/o/n/gonadovision/photostory/murder capx25.jpg
1999.10.28 02:25 B E:\Gonadohom\photostory\murder\capx26.jpg --> homepages.demon.co.uk /u/demon.co.uk/g/o/n/gonadovision/photostory/murder capx26.jpg
1999.10.28 02:25 B E:\Gonadohom\photostory\murder\capx27.jpg --> homepages.demon.co.uk /u/demon.co.uk/g/o/n/gonadovision/photostory/murder capx27.jpg
1999.10.28 02:25 B E:\Gonadohom\photostory\murder\capx29.jpg --> homepages.demon.co.uk /u/demon.co.uk/g/o/n/gonadovision/photostory/murder capx29.jpg
1999.10.28 02:25 B E:\Gonadohom\photostory\murder\capx30.jpg --> homepages.demon.co.uk /u/demon.co.uk/g/o/n/gonadovision/photostory/murder capx30.jpg
1999.10.28 02:26 B E:\Gonadohom\photostory\murder\capx31.jpg --> homepages.demon.co.uk /u/demon.co.uk/g/o/n/gonadovision/photostory/murder capx31.jpg
1999.10.28 02:26 B E:\Gonadohom\photostory\murder\capx32.jpg --> homepages.demon.co.uk /u/demon.co.uk/g/o/n/gonadovision/photostory/murder capx32.jpg
1999.10.28 02:26 B E:\Gonadohom\photostory\murder\capx33.jpg --> homepages.demon.co.uk /u/demon.co.uk/g/o/n/gonadovision/photostory/murder capx33.jpg
1999.10.28 02:26 B E:\Gonadohom\photostory\murder\capx34.jpg --> homepages.demon.co.uk /u/demon.co.uk/g/o/n/gonadovision/photostory/murder capx34.jpg
1999.10.28 02:26 B E:\Gonadohom\photostory\murder\capx35.jpg --> homepages.demon.co.uk /u/demon.co.uk/g/o/n/gonadovision/photostory/murder capx35.jpg
1999.10.28 02:27 B E:\Gonadohom\photostory\murder\capx36.jpg --> homepages.demon.co.uk /u/demon.co.uk/g/o/n/gonadovision/photostory/murder capx36.jpg
1999.10.28 02:27 B E:\Gonadohom\photostory\murder\capx37.jpg --> homepages.demon.co.uk /u/demon.co.uk/g/o/n/gonadovision/photostory/murder capx37.jpg
1999.10.28 02:27 B E:\Gonadohom\photostory\murder\capx38.jpg --> homepages.demon.co.uk /u/demon.co.uk/g/o/n/gonadovision/photostory/murder capx38.jpg
1999.10.28 02:27 B E:\Gonadohom\photostory\murder\capx39.jpg --> homepages.demon.co.uk /u/demon.co.uk/g/o/n/gonadovision/photostory/murder capx39.jpg
1999.10.28 02:27 B E:\Gonadohom\photostory\murder\capx4.jpg --> homepages.demon.co.uk /u/demon.co.uk/g/o/n/gonadovision/photostory/murder capx4.jpg
1999.10.28 02:27 B E:\Gonadohom\photostory\murder\capx41.jpg --> homepages.demon.co.uk /u/demon.co.uk/g/o/n/gonadovision/photostory/murder capx41.jpg
1999.10.28 02:27 B E:\Gonadohom\photostory\murder\capx43.jpg --> homepages.demon.co.uk /u/demon.co.uk/g/o/n/gonadovision/photostory/murder capx43.jpg
1999.10.28 02:27 B E:\Gonadohom\photostory\murder\capx45.jpg --> homepages.demon.co.uk /u/demon.co.uk/g/o/n/gonadovision/photostory/murder capx45.jpg
1999.10.28 02:27 B E:\Gonadohom\photostory\murder\capx46.jpg --> homepages.demon.co.uk /u/demon.co.uk/g/o/n/gonadovision/photostory/murder capx46.jpg
1999.10.28 02:28 B E:\Gonadohom\photostory\murder\capx47.jpg --> homepages.demon.co.uk /u/demon.co.uk/g/o/n/gonadovision/photostory/murder capx47.jpg
1999.10.28 02:28 B E:\Gonadohom\photostory\murder\capx48.jpg --> homepages.demon.co.uk /u/demon.co.uk/g/o/n/gonadovision/photostory/murder capx48.jpg
1999.10.28 02:28 B E:\Gonadohom\photostory\murder\capx49.jpg --> homepages.demon.co.uk /u/demon.co.uk/g/o/n/gonadovision/photostory/murder capx49.jpg
1999.10.28 02:28 B E:\Gonadohom\photostory\murder\capx5.jpg --> homepages.demon.co.uk /u/demon.co.uk/g/o/n/gonadovision/photostory/murder capx5.jpg
1999.10.28 02:28 B E:\Gonadohom\photostory\murder\capx50.jpg --> homepages.demon.co.uk /u/demon.co.uk/g/o/n/gonadovision/photostory/murder capx50.jpg
1999.10.28 02:28 B E:\Gonadohom\photostory\murder\capx53.jpg --> homepages.demon.co.uk /u/demon.co.uk/g/o/n/gonadovision/photostory/murder capx53.jpg
1999.10.28 02:28 B E:\Gonadohom\photostory\murder\capx55.jpg --> homepages.demon.co.uk /u/demon.co.uk/g/o/n/gonadovision/photostory/murder capx55.jpg
1999.10.28 02:28 B E:\Gonadohom\photostory\murder\capx56.jpg --> homepages.demon.co.uk /u/demon.co.uk/g/o/n/gonadovision/photostory/murder capx56.jpg
1999.10.28 02:28 B E:\Gonadohom\photostory\murder\capx57.jpg --> homepages.demon.co.uk /u/demon.co.uk/g/o/n/gonadovision/photostory/murder capx57.jpg
1999.10.28 02:28 B E:\Gonadohom\photostory\murder\capx59.jpg --> homepages.demon.co.uk /u/demon.co.uk/g/o/n/gonadovision/photostory/murder capx59.jpg
1999.10.28 02:29 B E:\Gonadohom\photostory\murder\capx6.jpg --> homepages.demon.co.uk /u/demon.co.uk/g/o/n/gonadovision/photostory/murder capx6.jpg
1999.10.28 02:29 B E:\Gonadohom\photostory\murder\capx60.jpg --> homepages.demon.co.uk /u/demon.co.uk/g/o/n/gonadovision/photostory/murder capx60.jpg
1999.10.28 02:29 B E:\Gonadohom\photostory\murder\capx61.jpg --> homepages.demon.co.uk /u/demon.co.uk/g/o/n/gonadovision/photostory/murder capx61.jpg
1999.10.28 02:29 B E:\Gonadohom\photostory\murder\capx62.jpg --> homepages.demon.co.uk /u/demon.co.uk/g/o/n/gonadovision/photostory/murder capx62.jpg
1999.10.28 02:29 B E:\Gonadohom\photostory\murder\capx63.jpg --> homepages.demon.co.uk /u/demon.co.uk/g/o/n/gonadovision/photostory/murder capx63.jpg
1999.10.28 02:29 B E:\Gonadohom\photostory\murder\capx64.jpg --> homepages.demon.co.uk /u/demon.co.uk/g/o/n/gonadovision/photostory/murder capx64.jpg
1999.10.28 02:29 B E:\Gonadohom\photostory\murder\capx65.jpg --> homepages.demon.co.uk /u/demon.co.uk/g/o/n/gonadovision/photostory/murder capx65.jpg
1999.10.28 02:29 B E:\Gonadohom\photostory\murder\capx69.jpg --> homepages.demon.co.uk /u/demon.co.uk/g/o/n/gonadovision/photostory/murder capx69.jpg
1999.10.28 02:29 B E:\Gonadohom\photostory\murder\capx71.jpg --> homepages.demon.co.uk /u/demon.co.uk/g/o/n/gonadovision/photostory/murder capx71.jpg
1999.10.28 02:29 B E:\Gonadohom\photostory\murder\capx72.jpg --> homepages.demon.co.uk /u/demon.co.uk/g/o/n/gonadovision/photostory/murder capx72.jpg
1999.10.28 02:29 B E:\Gonadohom\photostory\murder\capx75.jpg --> homepages.demon.co.uk /u/demon.co.uk/g/o/n/gonadovision/photostory/murder capx75.jpg
1999.10.28 02:30 B E:\Gonadohom\photostory\murder\capx78.jpg --> homepages.demon.co.uk /u/demon.co.uk/g/o/n/gonadovision/photostory/murder capx78.jpg
1999.10.28 02:30 B E:\Gonadohom\photostory\murder\capx79.jpg --> homepages.demon.co.uk /u/demon.co.uk/g/o/n/gonadovision/photostory/murder capx79.jpg
1999.10.28 02:30 B E:\Gonadohom\photostory\murder\capx8.jpg --> homepages.demon.co.uk /u/demon.co.uk/g/o/n/gonadovision/photostory/murder capx8.jpg
1999.10.28 02:30 B E:\Gonadohom\photostory\murder\capx80.jpg --> homepages.demon.co.uk /u/demon.co.uk/g/o/n/gonadovision/photostory/murder capx80.jpg
1999.10.28 02:30 B E:\Gonadohom\photostory\murder\capx82.jpg --> homepages.demon.co.uk /u/demon.co.uk/g/o/n/gonadovision/photostory/murder capx82.jpg
1999.10.28 02:30 B E:\Gonadohom\photostory\murder\capx84.jpg --> homepages.demon.co.uk /u/demon.co.uk/g/o/n/gonadovision/photostory/murder capx84.jpg
1999.10.28 02:30 B E:\Gonadohom\photostory\murder\capx85.jpg --> homepages.demon.co.uk /u/demon.co.uk/g/o/n/gonadovision/photostory/murder capx85.jpg
1999.10.28 02:30 B E:\Gonadohom\photostory\murder\capx86.jpg --> homepages.demon.co.uk /u/demon.co.uk/g/o/n/gonadovision/photostory/murder capx86.jpg
1999.10.28 02:31 B E:\Gonadohom\photostory\murder\capx87.jpg --> homepages.demon.co.uk /u/demon.co.uk/g/o/n/gonadovision/photostory/murder capx87.jpg
1999.10.28 02:31 B E:\Gonadohom\photostory\murder\capx88.jpg --> homepages.demon.co.uk /u/demon.co.uk/g/o/n/gonadovision/photostory/murder capx88.jpg
1999.10.28 02:31 B E:\Gonadohom\photostory\murder\capx89.jpg --> homepages.demon.co.uk /u/demon.co.uk/g/o/n/gonadovision/photostory/murder capx89.jpg
1999.10.28 02:31 B E:\Gonadohom\photostory\murder\capx9.jpg --> homepages.demon.co.uk /u/demon.co.uk/g/o/n/gonadovision/photostory/murder capx9.jpg
1999.10.28 02:31 B E:\Gonadohom\photostory\murder\capx90.jpg --> homepages.demon.co.uk /u/demon.co.uk/g/o/n/gonadovision/photostory/murder capx90.jpg
1999.10.28 02:31 B E:\Gonadohom\photostory\murder\capx91.jpg --> homepages.demon.co.uk /u/demon.co.uk/g/o/n/gonadovision/photostory/murder capx91.jpg
1999.10.28 02:31 B E:\Gonadohom\photostory\murder\capx92.jpg --> homepages.demon.co.uk /u/demon.co.uk/g/o/n/gonadovision/photostory/murder capx92.jpg
1999.10.28 02:31 B E:\Gonadohom\photostory\murder\capx93.jpg --> homepages.demon.co.uk /u/demon.co.uk/g/o/n/gonadovision/photostory/murder capx93.jpg
1999.10.28 02:31 B E:\Gonadohom\photostory\murder\capx95.jpg --> homepages.demon.co.uk /u/demon.co.uk/g/o/n/gonadovision/photostory/murder capx95.jpg
1999.10.28 02:31 B E:\Gonadohom\photostory\murder\capx97.jpg --> homepages.demon.co.uk /u/demon.co.uk/g/o/n/gonadovision/photostory/murder capx97.jpg
1999.10.28 02:31 B E:\Gonadohom\photostory\murder\capx98.jpg --> homepages.demon.co.uk /u/demon.co.uk/g/o/n/gonadovision/photostory/murder capx98.jpg
1999.10.28 02:32 B E:\Gonadohom\photostory\murder\capx99.jpg --> homepages.demon.co.uk /u/demon.co.uk/g/o/n/gonadovision/photostory/murder capx99.jpg
1999.10.28 02:32 B E:\Gonadohom\photostory\murder\index.html --> homepages.demon.co.uk /u/demon.co.uk/g/o/n/gonadovision/photostory/murder index.html
1999.10.28 02:32 B E:\Gonadohom\photostory\murder\mmpage1.htm --> homepages.demon.co.uk /u/demon.co.uk/g/o/n/gonadovision/photostory/murder mmpage1.htm
1999.10.28 02:32 B E:\Gonadohom\photostory\murder\mmpage2.htm --> homepages.demon.co.uk /u/demon.co.uk/g/o/n/gonadovision/photostory/murder mmpage2.htm
1999.10.28 02:32 B E:\Gonadohom\photostory\murder\mmpage3.htm --> homepages.demon.co.uk /u/demon.co.uk/g/o/n/gonadovision/photostory/murder mmpage3.htm
1999.10.28 02:32 B E:\Gonadohom\photostory\murder\mmpage4.htm --> homepages.demon.co.uk /u/demon.co.uk/g/o/n/gonadovision/photostory/murder mmpage4.htm
1999.10.28 03:04 A E:\Gonadohom\photostory\murder\index.html --> homepages.demon.co.uk /u/demon.co.uk/g/o/n/gonadovision/photostory/murder index.html
