1999.10.28 02:05 B E:\Gonadohom\photostory\communic8\comm.txt --> homepages.demon.co.uk /u/demon.co.uk/g/o/n/gonadovision/photostory/communic8 comm.txt
1999.10.28 02:05 B E:\Gonadohom\photostory\communic8\Image1.jpg --> homepages.demon.co.uk /u/demon.co.uk/g/o/n/gonadovision/photostory/communic8 Image1.jpg
1999.10.28 02:05 B E:\Gonadohom\photostory\communic8\Image10.jpg --> homepages.demon.co.uk /u/demon.co.uk/g/o/n/gonadovision/photostory/communic8 Image10.jpg
1999.10.28 02:05 B E:\Gonadohom\photostory\communic8\Image13.jpg --> homepages.demon.co.uk /u/demon.co.uk/g/o/n/gonadovision/photostory/communic8 Image13.jpg
1999.10.28 02:05 B E:\Gonadohom\photostory\communic8\Image16.jpg --> homepages.demon.co.uk /u/demon.co.uk/g/o/n/gonadovision/photostory/communic8 Image16.jpg
1999.10.28 02:06 B E:\Gonadohom\photostory\communic8\Image18.jpg --> homepages.demon.co.uk /u/demon.co.uk/g/o/n/gonadovision/photostory/communic8 Image18.jpg
1999.10.28 02:06 B E:\Gonadohom\photostory\communic8\Image19.jpg --> homepages.demon.co.uk /u/demon.co.uk/g/o/n/gonadovision/photostory/communic8 Image19.jpg
1999.10.28 02:06 B E:\Gonadohom\photostory\communic8\Image20.jpg --> homepages.demon.co.uk /u/demon.co.uk/g/o/n/gonadovision/photostory/communic8 Image20.jpg
1999.10.28 02:07 B E:\Gonadohom\photostory\communic8\Image21.jpg --> homepages.demon.co.uk /u/demon.co.uk/g/o/n/gonadovision/photostory/communic8 Image21.jpg
1999.10.28 02:07 B E:\Gonadohom\photostory\communic8\Image22.jpg --> homepages.demon.co.uk /u/demon.co.uk/g/o/n/gonadovision/photostory/communic8 Image22.jpg
1999.10.28 02:07 B E:\Gonadohom\photostory\communic8\Image24.jpg --> homepages.demon.co.uk /u/demon.co.uk/g/o/n/gonadovision/photostory/communic8 Image24.jpg
1999.10.28 02:07 B E:\Gonadohom\photostory\communic8\Image25.jpg --> homepages.demon.co.uk /u/demon.co.uk/g/o/n/gonadovision/photostory/communic8 Image25.jpg
1999.10.28 02:08 B E:\Gonadohom\photostory\communic8\Image27.jpg --> homepages.demon.co.uk /u/demon.co.uk/g/o/n/gonadovision/photostory/communic8 Image27.jpg
1999.10.28 02:08 B E:\Gonadohom\photostory\communic8\Image28.jpg --> homepages.demon.co.uk /u/demon.co.uk/g/o/n/gonadovision/photostory/communic8 Image28.jpg
1999.10.28 02:08 B E:\Gonadohom\photostory\communic8\Image29.jpg --> homepages.demon.co.uk /u/demon.co.uk/g/o/n/gonadovision/photostory/communic8 Image29.jpg
1999.10.28 02:09 B E:\Gonadohom\photostory\communic8\Image3.jpg --> homepages.demon.co.uk /u/demon.co.uk/g/o/n/gonadovision/photostory/communic8 Image3.jpg
1999.10.28 02:09 B E:\Gonadohom\photostory\communic8\Image30.jpg --> homepages.demon.co.uk /u/demon.co.uk/g/o/n/gonadovision/photostory/communic8 Image30.jpg
1999.10.28 02:09 B E:\Gonadohom\photostory\communic8\Image4.jpg --> homepages.demon.co.uk /u/demon.co.uk/g/o/n/gonadovision/photostory/communic8 Image4.jpg
1999.10.28 02:09 B E:\Gonadohom\photostory\communic8\Image5.jpg --> homepages.demon.co.uk /u/demon.co.uk/g/o/n/gonadovision/photostory/communic8 Image5.jpg
1999.10.28 02:10 B E:\Gonadohom\photostory\communic8\Image7.jpg --> homepages.demon.co.uk /u/demon.co.uk/g/o/n/gonadovision/photostory/communic8 Image7.jpg
1999.10.28 02:10 B E:\Gonadohom\photostory\communic8\Image8.jpg --> homepages.demon.co.uk /u/demon.co.uk/g/o/n/gonadovision/photostory/communic8 Image8.jpg
1999.10.28 02:10 B E:\Gonadohom\photostory\communic8\Image9.jpg --> homepages.demon.co.uk /u/demon.co.uk/g/o/n/gonadovision/photostory/communic8 Image9.jpg
1999.10.28 02:10 B E:\Gonadohom\photostory\communic8\index.bak --> homepages.demon.co.uk /u/demon.co.uk/g/o/n/gonadovision/photostory/communic8 index.bak
1999.10.28 02:10 B E:\Gonadohom\photostory\communic8\index.html --> homepages.demon.co.uk /u/demon.co.uk/g/o/n/gonadovision/photostory/communic8 index.html
1999.10.28 02:33 B E:\Gonadohom\photostory\communic8\image1.jpg --> homepages.demon.co.uk /u/demon.co.uk/g/o/n/gonadovision/photostory/communic8 image1.jpg
1999.10.28 02:33 B E:\Gonadohom\photostory\communic8\image10.jpg --> homepages.demon.co.uk /u/demon.co.uk/g/o/n/gonadovision/photostory/communic8 image10.jpg
1999.10.28 02:34 B E:\Gonadohom\photostory\communic8\image13.jpg --> homepages.demon.co.uk /u/demon.co.uk/g/o/n/gonadovision/photostory/communic8 image13.jpg
1999.10.28 02:34 B E:\Gonadohom\photostory\communic8\image16.jpg --> homepages.demon.co.uk /u/demon.co.uk/g/o/n/gonadovision/photostory/communic8 image16.jpg
1999.10.28 02:34 B E:\Gonadohom\photostory\communic8\image18.jpg --> homepages.demon.co.uk /u/demon.co.uk/g/o/n/gonadovision/photostory/communic8 image18.jpg
1999.10.28 02:35 B E:\Gonadohom\photostory\communic8\image19.jpg --> homepages.demon.co.uk /u/demon.co.uk/g/o/n/gonadovision/photostory/communic8 image19.jpg
1999.10.28 02:35 B E:\Gonadohom\photostory\communic8\image20.jpg --> homepages.demon.co.uk /u/demon.co.uk/g/o/n/gonadovision/photostory/communic8 image20.jpg
1999.10.28 02:35 B E:\Gonadohom\photostory\communic8\image21.jpg --> homepages.demon.co.uk /u/demon.co.uk/g/o/n/gonadovision/photostory/communic8 image21.jpg
1999.10.28 02:35 B E:\Gonadohom\photostory\communic8\image22.jpg --> homepages.demon.co.uk /u/demon.co.uk/g/o/n/gonadovision/photostory/communic8 image22.jpg
1999.10.28 02:36 B E:\Gonadohom\photostory\communic8\image24.jpg --> homepages.demon.co.uk /u/demon.co.uk/g/o/n/gonadovision/photostory/communic8 image24.jpg
1999.10.28 02:36 B E:\Gonadohom\photostory\communic8\image25.jpg --> homepages.demon.co.uk /u/demon.co.uk/g/o/n/gonadovision/photostory/communic8 image25.jpg
1999.10.28 02:36 B E:\Gonadohom\photostory\communic8\image27.jpg --> homepages.demon.co.uk /u/demon.co.uk/g/o/n/gonadovision/photostory/communic8 image27.jpg
1999.10.28 02:37 B E:\Gonadohom\photostory\communic8\image28.jpg --> homepages.demon.co.uk /u/demon.co.uk/g/o/n/gonadovision/photostory/communic8 image28.jpg
1999.10.28 02:37 B E:\Gonadohom\photostory\communic8\image29.jpg --> homepages.demon.co.uk /u/demon.co.uk/g/o/n/gonadovision/photostory/communic8 image29.jpg
1999.10.28 02:38 B E:\Gonadohom\photostory\communic8\image3.jpg --> homepages.demon.co.uk /u/demon.co.uk/g/o/n/gonadovision/photostory/communic8 image3.jpg
1999.10.28 02:38 B E:\Gonadohom\photostory\communic8\image30.jpg --> homepages.demon.co.uk /u/demon.co.uk/g/o/n/gonadovision/photostory/communic8 image30.jpg
1999.10.28 02:39 B E:\Gonadohom\photostory\communic8\image4.jpg --> homepages.demon.co.uk /u/demon.co.uk/g/o/n/gonadovision/photostory/communic8 image4.jpg
1999.10.28 02:39 B E:\Gonadohom\photostory\communic8\image5.jpg --> homepages.demon.co.uk /u/demon.co.uk/g/o/n/gonadovision/photostory/communic8 image5.jpg
1999.10.28 02:40 B E:\Gonadohom\photostory\communic8\image7.jpg --> homepages.demon.co.uk /u/demon.co.uk/g/o/n/gonadovision/photostory/communic8 image7.jpg
1999.10.28 02:40 B E:\Gonadohom\photostory\communic8\image8.jpg --> homepages.demon.co.uk /u/demon.co.uk/g/o/n/gonadovision/photostory/communic8 image8.jpg
1999.10.28 02:40 B E:\Gonadohom\photostory\communic8\image9.jpg --> homepages.demon.co.uk /u/demon.co.uk/g/o/n/gonadovision/photostory/communic8 image9.jpg
1999.10.28 02:59 A E:\Gonadohom\photostory\communic8\index.html --> homepages.demon.co.uk /u/demon.co.uk/g/o/n/gonadovision/photostory/communic8 index.html
